[2025-10-08 15:18:07.323] [info] Starting main process...
[2025-10-08 15:18:08.132] [info] Camera initialized successfully.
[2025-10-08 15:18:08.351] [info] YOLO model initialized successfully.
[2025-10-08 15:18:09.486] [warning] Failed to get image buffer, retrying...
[2025-10-08 15:18:09.594] [warning] Failed to get image buffer, retrying...
[2025-10-08 15:18:09.705] [warning] Failed to get image buffer, retrying...
[2025-10-08 15:18:09.814] [warning] Failed to get image buffer, retrying...
[2025-10-08 15:18:09.924] [warning] Failed to get image buffer, retrying...
[2025-10-08 15:18:10.032] [warning] Failed to get image buffer, retrying...
[2025-10-08 15:18:10.143] [warning] Failed to get image buffer, retrying...
[2025-10-08 15:18:10.252] [warning] Failed to get image buffer, retrying...
[2025-10-08 15:18:10.361] [warning] Failed to get image buffer, retrying...
[2025-10-08 15:18:11.248] [warning] Frame 64: Invalid point (611.0, -56.6) (out of image bounds), skip drawing.
[2025-10-08 15:18:11.272] [warning] Frame 65: Invalid point (694.6, -25.9) (out of image bounds), skip drawing.
[2025-10-08 15:18:11.301] [warning] Frame 66: Invalid point (732.8, -4.4) (out of image bounds), skip drawing.
[2025-10-08 15:18:11.494] [warning] Failed to get image buffer, retrying...
[2025-10-08 15:18:11.602] [warning] Failed to get image buffer, retrying...
[2025-10-08 15:18:11.712] [warning] Failed to get image buffer, retrying...
[2025-10-08 15:18:11.821] [warning] Failed to get image buffer, retrying...
[2025-10-08 15:18:11.929] [warning] Failed to get image buffer, retrying...
[2025-10-08 15:18:12.039] [warning] Failed to get image buffer, retrying...
[2025-10-08 15:18:12.150] [warning] Failed to get image buffer, retrying...
[2025-10-08 15:18:12.260] [warning] Failed to get image buffer, retrying...
[2025-10-08 15:18:12.369] [warning] Failed to get image buffer, retrying...
[2025-10-08 15:18:15.595] [warning] Failed to get image buffer, retrying...
[2025-10-08 15:18:15.705] [warning] Failed to get image buffer, retrying...
[2025-10-08 15:18:15.815] [warning] Failed to get image buffer, retrying...
[2025-10-08 15:18:15.924] [warning] Failed to get image buffer, retrying...
[2025-10-08 15:18:16.033] [warning] Failed to get image buffer, retrying...
[2025-10-08 15:18:16.142] [warning] Failed to get image buffer, retrying...
[2025-10-08 15:18:16.252] [warning] Failed to get image buffer, retrying...
[2025-10-08 15:18:16.361] [warning] Failed to get image buffer, retrying...
[2025-10-08 15:18:16.469] [warning] Failed to get image buffer, retrying...
[2025-10-08 15:18:17.887] [warning] Failed to get image buffer, retrying...
[2025-10-08 15:18:17.995] [warning] Failed to get image buffer, retrying...
[2025-10-08 15:18:18.105] [warning] Failed to get image buffer, retrying...
[2025-10-08 15:18:18.215] [warning] Failed to get image buffer, retrying...
[2025-10-08 15:18:18.324] [warning] Failed to get image buffer, retrying...
[2025-10-08 15:18:18.435] [warning] Failed to get image buffer, retrying...
[2025-10-08 15:18:18.543] [warning] Failed to get image buffer, retrying...
[2025-10-08 15:18:18.652] [warning] Failed to get image buffer, retrying...
[2025-10-08 15:18:18.760] [warning] Failed to get image buffer, retrying...
[2025-10-08 15:18:22.020] [warning] Failed to get image buffer, retrying...
[2025-10-08 15:18:22.129] [warning] Failed to get image buffer, retrying...
[2025-10-08 15:18:22.240] [warning] Failed to get image buffer, retrying...
[2025-10-08 15:18:22.350] [warning] Failed to get image buffer, retrying...
[2025-10-08 15:18:22.455] [warning] Failed to get image buffer, retrying...
[2025-10-08 15:18:22.570] [warning] Failed to get image buffer, retrying...
[2025-10-08 15:18:22.680] [warning] Failed to get image buffer, retrying...
[2025-10-08 15:18:22.789] [warning] Failed to get image buffer, retrying...
[2025-10-08 15:18:22.899] [warning] Failed to get image buffer, retrying...
[2025-10-08 15:18:25.400] [warning] Failed to get image buffer, retrying...
[2025-10-08 15:18:25.510] [warning] Failed to get image buffer, retrying...
[2025-10-08 15:18:25.620] [warning] Failed to get image buffer, retrying...
[2025-10-08 15:18:25.728] [warning] Failed to get image buffer, retrying...
[2025-10-08 15:18:25.832] [warning] Failed to get image buffer, retrying...
[2025-10-08 15:18:25.933] [warning] Failed to get image buffer, retrying...
[2025-10-08 15:18:26.041] [warning] Failed to get image buffer, retrying...
[2025-10-08 15:18:26.150] [warning] Failed to get image buffer, retrying...
[2025-10-08 15:18:26.259] [warning] Failed to get image buffer, retrying...
[2025-10-08 15:18:26.370] [warning] Failed to get image buffer, retrying...
[2025-10-08 15:18:26.475] [warning] Failed to get image buffer, retrying...
[2025-10-08 15:18:26.587] [warning] Failed to get image buffer, retrying...
[2025-10-08 15:18:26.694] [warning] Failed to get image buffer, retrying...
[2025-10-08 15:18:26.805] [warning] Failed to get image buffer, retrying...
[2025-10-08 15:18:26.914] [warning] Failed to get image buffer, retrying...
[2025-10-08 15:18:27.015] [warning] Failed to get image buffer, retrying...
[2025-10-08 15:18:27.117] [warning] Failed to get image buffer, retrying...
[2025-10-08 15:18:27.226] [warning] Failed to get image buffer, retrying...
[2025-10-08 15:18:29.162] [warning] Failed to get image buffer, retrying...
[2025-10-08 15:18:29.267] [warning] Failed to get image buffer, retrying...
[2025-10-08 15:18:29.369] [warning] Failed to get image buffer, retrying...
[2025-10-08 15:18:29.471] [warning] Failed to get image buffer, retrying...
[2025-10-08 15:18:29.571] [warning] Failed to get image buffer, retrying...
[2025-10-08 15:18:29.677] [warning] Failed to get image buffer, retrying...
[2025-10-08 15:18:29.786] [warning] Failed to get image buffer, retrying...
[2025-10-08 15:18:29.896] [warning] Failed to get image buffer, retrying...
[2025-10-08 15:18:30.006] [warning] Failed to get image buffer, retrying...
[2025-10-08 15:18:30.426] [warning] Failed to get image buffer, retrying...
[2025-10-08 15:18:30.535] [warning] Failed to get image buffer, retrying...
[2025-10-08 15:18:30.645] [warning] Failed to get image buffer, retrying...
[2025-10-08 15:18:30.755] [warning] Failed to get image buffer, retrying...
[2025-10-08 15:18:31.509] [warning] Failed to get image buffer, retrying...
[2025-10-08 15:18:31.613] [warning] Failed to get image buffer, retrying...
[2025-10-08 15:18:31.717] [warning] Failed to get image buffer, retrying...
[2025-10-08 15:18:31.819] [warning] Failed to get image buffer, retrying...
[2025-10-08 15:18:31.921] [warning] Failed to get image buffer, retrying...
[2025-10-08 15:18:32.030] [warning] Failed to get image buffer, retrying...
[2025-10-08 15:18:32.139] [warning] Failed to get image buffer, retrying...
[2025-10-08 15:18:32.247] [warning] Failed to get image buffer, retrying...
[2025-10-08 15:18:32.355] [warning] Failed to get image buffer, retrying...
[2025-10-08 15:18:32.746] [warning] Failed to get image buffer, retrying...
[2025-10-08 15:18:32.862] [warning] Failed to get image buffer, retrying...
[2025-10-08 15:18:32.966] [warning] Failed to get image buffer, retrying...
[2025-10-08 15:18:33.077] [warning] Failed to get image buffer, retrying...
[2025-10-08 15:18:33.180] [warning] Failed to get image buffer, retrying...
[2025-10-08 15:18:33.283] [warning] Failed to get image buffer, retrying...
[2025-10-08 15:18:33.387] [warning] Failed to get image buffer, retrying...
[2025-10-08 15:18:33.495] [warning] Failed to get image buffer, retrying...
[2025-10-08 15:18:33.598] [warning] Failed to get image buffer, retrying...
[2025-10-08 15:18:35.489] [warning] Failed to get image buffer, retrying...
[2025-10-08 15:18:35.596] [warning] Failed to get image buffer, retrying...
[2025-10-08 15:18:35.705] [warning] Failed to get image buffer, retrying...
[2025-10-08 15:18:35.814] [warning] Failed to get image buffer, retrying...
[2025-10-08 15:18:35.924] [warning] Failed to get image buffer, retrying...
[2025-10-08 15:18:36.033] [warning] Failed to get image buffer, retrying...
[2025-10-08 15:18:36.143] [warning] Failed to get image buffer, retrying...
[2025-10-08 15:18:36.245] [warning] Failed to get image buffer, retrying...
[2025-10-08 15:18:36.345] [warning] Failed to get image buffer, retrying...
[2025-10-08 15:18:37.298] [warning] Failed to get image buffer, retrying...
[2025-10-08 15:18:37.406] [warning] Failed to get image buffer, retrying...
[2025-10-08 15:18:37.517] [warning] Failed to get image buffer, retrying...
[2025-10-08 15:18:37.627] [warning] Failed to get image buffer, retrying...
[2025-10-08 15:18:37.737] [warning] Failed to get image buffer, retrying...
[2025-10-08 15:18:37.844] [warning] Failed to get image buffer, retrying...
[2025-10-08 15:18:37.955] [warning] Failed to get image buffer, retrying...
[2025-10-08 15:18:38.063] [warning] Failed to get image buffer, retrying...
[2025-10-08 15:18:38.172] [warning] Failed to get image buffer, retrying...
[2025-10-08 15:18:39.089] [warning] Failed to get image buffer, retrying...
[2025-10-08 15:18:39.199] [warning] Failed to get image buffer, retrying...
[2025-10-08 15:18:39.310] [warning] Failed to get image buffer, retrying...
[2025-10-08 15:18:39.421] [warning] Failed to get image buffer, retrying...
[2025-10-08 15:18:39.530] [warning] Failed to get image buffer, retrying...
[2025-10-08 15:18:39.639] [warning] Failed to get image buffer, retrying...
[2025-10-08 15:18:39.748] [warning] Failed to get image buffer, retrying...
[2025-10-08 15:18:39.856] [warning] Failed to get image buffer, retrying...
[2025-10-08 15:18:39.966] [warning] Failed to get image buffer, retrying...
[2025-10-08 15:18:40.807] [warning] Frame 642: Invalid point (-0.8, 289.9) (out of image bounds), skip drawing.
[2025-10-08 15:18:40.838] [warning] Frame 643: Invalid point (-3.3, 287.6) (out of image bounds), skip drawing.
[2025-10-08 15:18:40.875] [warning] Frame 644: Invalid point (-10.2, 289.6) (out of image bounds), skip drawing.
[2025-10-08 15:18:40.913] [warning] Frame 645: Invalid point (-9.5, 283.3) (out of image bounds), skip drawing.
[2025-10-08 15:18:40.974] [warning] Frame 647: Invalid point (-14.5, 279.8) (out of image bounds), skip drawing.
[2025-10-08 15:18:41.158] [warning] Frame 653: Invalid point (-24.1, 275.8) (out of image bounds), skip drawing.
[2025-10-08 15:18:41.200] [warning] Frame 654: Invalid point (-29.3, 278.9) (out of image bounds), skip drawing.
[2025-10-08 15:18:41.233] [warning] Frame 655: Invalid point (-26.8, 277.6) (out of image bounds), skip drawing.
[2025-10-08 15:18:43.461] [warning] Failed to get image buffer, retrying...
[2025-10-08 15:18:43.571] [warning] Failed to get image buffer, retrying...
[2025-10-08 15:18:43.673] [warning] Failed to get image buffer, retrying...
[2025-10-08 15:18:43.777] [warning] Failed to get image buffer, retrying...
[2025-10-08 15:18:44.555] [warning] Frame 756: Invalid point (-43.6, 810.7) (out of image bounds), skip drawing.
[2025-10-08 15:18:44.583] [warning] Frame 757: Invalid point (-111.9, 810.3) (out of image bounds), skip drawing.
[2025-10-08 15:18:44.740] [warning] Frame 763: Invalid point (-180.6, 739.6) (out of image bounds), skip drawing.
[2025-10-08 15:18:44.799] [warning] Frame 765: Invalid point (-168.3, 757.7) (out of image bounds), skip drawing.
[2025-10-08 15:18:44.856] [warning] Frame 767: Invalid point (-173.8, 756.3) (out of image bounds), skip drawing.
[2025-10-08 15:18:44.888] [warning] Frame 768: Invalid point (-164.9, 759.3) (out of image bounds), skip drawing.
[2025-10-08 15:18:44.913] [warning] Frame 769: Invalid point (-187.5, 762.0) (out of image bounds), skip drawing.
[2025-10-08 15:18:44.999] [warning] Frame 772: Invalid point (-172.3, 770.6) (out of image bounds), skip drawing.
[2025-10-08 15:18:45.409] [warning] Frame 786: Invalid point (-175.9, 773.3) (out of image bounds), skip drawing.
[2025-10-08 15:18:45.486] [warning] Frame 788: Invalid point (-170.4, 772.4) (out of image bounds), skip drawing.
[2025-10-08 15:18:45.537] [warning] Frame 790: Invalid point (-161.1, 768.4) (out of image bounds), skip drawing.
[2025-10-08 15:18:45.880] [warning] Frame 802: Invalid point (-146.9, 763.8) (out of image bounds), skip drawing.
[2025-10-08 15:18:45.904] [warning] Frame 803: Invalid point (-150.4, 766.5) (out of image bounds), skip drawing.
[2025-10-08 15:18:45.930] [warning] Frame 804: Invalid point (-153.8, 763.9) (out of image bounds), skip drawing.
[2025-10-08 15:18:45.960] [warning] Frame 805: Invalid point (-149.1, 758.3) (out of image bounds), skip drawing.
[2025-10-08 15:18:45.987] [warning] Frame 806: Invalid point (-143.9, 756.9) (out of image bounds), skip drawing.
[2025-10-08 15:18:46.392] [warning] Frame 821: Invalid point (-151.6, 757.9) (out of image bounds), skip drawing.
[2025-10-08 15:18:46.483] [warning] Frame 824: Invalid point (-155.0, 755.5) (out of image bounds), skip drawing.
[2025-10-08 15:18:46.541] [warning] Frame 826: Invalid point (-149.8, 746.1) (out of image bounds), skip drawing.
[2025-10-08 15:18:46.623] [warning] Frame 829: Invalid point (-157.9, 742.9) (out of image bounds), skip drawing.
[2025-10-08 15:18:46.652] [warning] Frame 830: Invalid point (-154.3, 742.6) (out of image bounds), skip drawing.
[2025-10-08 15:18:46.716] [warning] Frame 832: Invalid point (-139.3, 754.4) (out of image bounds), skip drawing.
[2025-10-08 15:18:46.866] [warning] Frame 838: Invalid point (-144.0, 756.5) (out of image bounds), skip drawing.
[2025-10-08 15:18:46.937] [warning] Frame 841: Invalid point (-144.8, 754.5) (out of image bounds), skip drawing.
[2025-10-08 15:18:46.965] [warning] Frame 842: Invalid point (-145.7, 755.7) (out of image bounds), skip drawing.
[2025-10-08 15:18:46.994] [warning] Frame 843: Invalid point (-142.5, 757.8) (out of image bounds), skip drawing.
[2025-10-08 15:18:47.047] [warning] Frame 845: Invalid point (-122.7, 757.7) (out of image bounds), skip drawing.
[2025-10-08 15:18:47.095] [warning] Frame 847: Invalid point (-139.8, 755.5) (out of image bounds), skip drawing.
[2025-10-08 15:18:47.157] [warning] Frame 849: Invalid point (-137.8, 756.6) (out of image bounds), skip drawing.
[2025-10-08 15:18:47.315] [warning] Frame 855: Invalid point (-152.9, 751.6) (out of image bounds), skip drawing.
[2025-10-08 15:18:47.421] [warning] Frame 859: Invalid point (-150.3, 748.7) (out of image bounds), skip drawing.
[2025-10-08 15:18:47.681] [warning] Frame 869: Invalid point (-137.3, 753.0) (out of image bounds), skip drawing.
[2025-10-08 15:18:47.872] [warning] Frame 876: Invalid point (-155.6, 744.5) (out of image bounds), skip drawing.
[2025-10-08 15:18:47.892] [warning] Frame 877: Invalid point (-151.0, 752.6) (out of image bounds), skip drawing.
[2025-10-08 15:18:47.912] [warning] Frame 878: Invalid point (-167.6, 749.7) (out of image bounds), skip drawing.
[2025-10-08 15:18:47.948] [warning] Frame 879: Invalid point (-162.5, 752.6) (out of image bounds), skip drawing.
[2025-10-08 15:18:48.051] [warning] Frame 883: Invalid point (-158.9, 750.2) (out of image bounds), skip drawing.
[2025-10-08 15:18:48.086] [warning] Frame 884: Invalid point (-154.0, 751.1) (out of image bounds), skip drawing.
[2025-10-08 15:18:48.565] [warning] Frame 901: Invalid point (-140.2, 756.2) (out of image bounds), skip drawing.
[2025-10-08 15:18:48.895] [warning] Frame 914: Invalid point (-130.7, 758.7) (out of image bounds), skip drawing.
[2025-10-08 15:18:48.943] [warning] Frame 916: Invalid point (-138.9, 757.6) (out of image bounds), skip drawing.
[2025-10-08 15:18:48.971] [warning] Frame 917: Invalid point (-138.3, 760.8) (out of image bounds), skip drawing.
[2025-10-08 15:18:49.053] [warning] Frame 920: Invalid point (-135.9, 758.9) (out of image bounds), skip drawing.
[2025-10-08 15:18:49.165] [warning] Frame 924: Invalid point (-132.1, 757.1) (out of image bounds), skip drawing.
[2025-10-08 15:18:49.187] [warning] Frame 925: Invalid point (-137.8, 757.8) (out of image bounds), skip drawing.
[2025-10-08 15:18:50.024] [warning] Frame 955: Invalid point (-126.8, 761.6) (out of image bounds), skip drawing.
[2025-10-08 15:18:51.351] [warning] Frame 1005: Invalid point (-148.0, 723.4) (out of image bounds), skip drawing.
[2025-10-08 15:18:51.381] [warning] Frame 1006: Invalid point (-147.5, 721.9) (out of image bounds), skip drawing.
[2025-10-08 15:18:52.096] [warning] Frame 1032: Invalid point (-93.5, 655.9) (out of image bounds), skip drawing.
[2025-10-08 15:18:52.212] [warning] Frame 1036: Invalid point (-82.8, 649.8) (out of image bounds), skip drawing.
[2025-10-08 15:18:52.238] [warning] Frame 1037: Invalid point (-79.3, 653.5) (out of image bounds), skip drawing.
[2025-10-08 15:18:52.263] [warning] Frame 1038: Invalid point (-79.5, 657.2) (out of image bounds), skip drawing.
[2025-10-08 15:18:52.295] [warning] Frame 1039: Invalid point (-81.8, 654.8) (out of image bounds), skip drawing.
[2025-10-08 15:18:52.322] [warning] Frame 1040: Invalid point (-92.4, 660.2) (out of image bounds), skip drawing.
[2025-10-08 15:18:52.349] [warning] Frame 1041: Invalid point (-71.2, 660.5) (out of image bounds), skip drawing.
[2025-10-08 15:18:52.382] [warning] Frame 1042: Invalid point (-70.4, 656.7) (out of image bounds), skip drawing.
[2025-10-08 15:18:52.412] [warning] Frame 1043: Invalid point (-63.5, 654.7) (out of image bounds), skip drawing.
[2025-10-08 15:18:52.441] [warning] Frame 1044: Invalid point (-43.0, 651.4) (out of image bounds), skip drawing.
[2025-10-08 15:18:52.469] [warning] Frame 1045: Invalid point (-46.4, 647.4) (out of image bounds), skip drawing.
[2025-10-08 15:18:52.494] [warning] Frame 1046: Invalid point (-32.8, 644.2) (out of image bounds), skip drawing.
[2025-10-08 15:18:52.517] [warning] Frame 1047: Invalid point (-26.3, 644.4) (out of image bounds), skip drawing.
[2025-10-08 15:18:52.547] [warning] Frame 1048: Invalid point (-8.6, 643.2) (out of image bounds), skip drawing.
[2025-10-08 15:18:52.573] [warning] Frame 1049: Invalid point (-37.2, 853.1) (out of image bounds), skip drawing.
[2025-10-08 15:18:52.603] [warning] Frame 1050: Invalid point (-32.4, 858.5) (out of image bounds), skip drawing.
[2025-10-08 15:18:52.628] [warning] Frame 1051: Invalid point (-26.4, 855.2) (out of image bounds), skip drawing.
[2025-10-08 15:18:52.655] [warning] Frame 1052: Invalid point (-20.2, 853.8) (out of image bounds), skip drawing.
[2025-10-08 15:18:52.680] [warning] Frame 1053: Invalid point (-12.4, 849.3) (out of image bounds), skip drawing.
[2025-10-08 15:18:52.711] [warning] Frame 1054: Invalid point (-9.8, 852.5) (out of image bounds), skip drawing.
[2025-10-08 15:18:52.745] [warning] Frame 1055: Invalid point (-0.9, 852.4) (out of image bounds), skip drawing.
[2025-10-08 15:18:54.105] [warning] Frame 1103: Invalid point (-5.9, 535.8) (out of image bounds), skip drawing.
[2025-10-08 15:18:54.127] [warning] Frame 1104: Invalid point (-18.3, 543.9) (out of image bounds), skip drawing.
[2025-10-08 15:18:54.153] [warning] Frame 1105: Invalid point (-41.7, 545.3) (out of image bounds), skip drawing.
[2025-10-08 15:18:54.180] [warning] Frame 1106: Invalid point (-49.7, 546.3) (out of image bounds), skip drawing.
[2025-10-08 15:18:54.210] [warning] Frame 1107: Invalid point (-48.9, 547.2) (out of image bounds), skip drawing.
[2025-10-08 15:18:54.244] [warning] Frame 1108: Invalid point (-51.0, 549.3) (out of image bounds), skip drawing.
[2025-10-08 15:18:54.276] [warning] Frame 1109: Invalid point (-53.1, 547.0) (out of image bounds), skip drawing.
[2025-10-08 15:18:54.304] [warning] Frame 1110: Invalid point (-51.4, 548.9) (out of image bounds), skip drawing.
[2025-10-08 15:18:54.333] [warning] Frame 1111: Invalid point (-46.5, 545.0) (out of image bounds), skip drawing.
[2025-10-08 15:18:54.360] [warning] Frame 1112: Invalid point (-45.5, 544.7) (out of image bounds), skip drawing.
[2025-10-08 15:18:54.389] [warning] Frame 1113: Invalid point (-47.9, 542.6) (out of image bounds), skip drawing.
[2025-10-08 15:18:54.416] [warning] Frame 1114: Invalid point (-47.8, 541.9) (out of image bounds), skip drawing.
[2025-10-08 15:18:54.443] [warning] Frame 1115: Invalid point (-48.3, 536.8) (out of image bounds), skip drawing.
[2025-10-08 15:18:54.471] [warning] Frame 1116: Invalid point (-47.7, 537.3) (out of image bounds), skip drawing.
[2025-10-08 15:18:54.507] [warning] Frame 1117: Invalid point (-51.4, 534.4) (out of image bounds), skip drawing.
[2025-10-08 15:18:54.539] [warning] Frame 1118: Invalid point (-54.9, 536.9) (out of image bounds), skip drawing.
[2025-10-08 15:18:54.565] [warning] Frame 1119: Invalid point (-61.9, 530.5) (out of image bounds), skip drawing.
[2025-10-08 15:18:54.595] [warning] Frame 1120: Invalid point (-76.6, 523.4) (out of image bounds), skip drawing.
[2025-10-08 15:18:54.622] [warning] Frame 1121: Invalid point (-82.1, 521.7) (out of image bounds), skip drawing.
[2025-10-08 15:18:54.649] [warning] Frame 1122: Invalid point (-84.3, 526.9) (out of image bounds), skip drawing.
[2025-10-08 15:18:54.679] [warning] Frame 1123: Invalid point (-97.6, 526.9) (out of image bounds), skip drawing.
[2025-10-08 15:18:54.705] [warning] Frame 1124: Invalid point (-95.3, 528.2) (out of image bounds), skip drawing.
[2025-10-08 15:18:54.783] [warning] Frame 1127: Invalid point (-108.0, 510.0) (out of image bounds), skip drawing.
[2025-10-08 15:18:54.812] [warning] Frame 1128: Invalid point (-99.5, 522.9) (out of image bounds), skip drawing.
[2025-10-08 15:18:54.848] [warning] Frame 1129: Invalid point (-103.1, 515.4) (out of image bounds), skip drawing.
[2025-10-08 15:18:54.875] [warning] Frame 1130: Invalid point (-104.4, 511.6) (out of image bounds), skip drawing.
[2025-10-08 15:18:54.905] [warning] Frame 1131: Invalid point (-93.6, 521.7) (out of image bounds), skip drawing.
[2025-10-08 15:18:54.934] [warning] Frame 1132: Invalid point (-105.0, 509.2) (out of image bounds), skip drawing.
[2025-10-08 15:18:54.964] [warning] Frame 1133: Invalid point (-106.1, 510.6) (out of image bounds), skip drawing.
[2025-10-08 15:18:55.050] [warning] Frame 1136: Invalid point (-98.9, 522.4) (out of image bounds), skip drawing.
[2025-10-08 15:18:55.082] [warning] Frame 1137: Invalid point (-97.3, 513.0) (out of image bounds), skip drawing.
[2025-10-08 15:18:55.171] [warning] Frame 1140: Invalid point (-102.2, 533.9) (out of image bounds), skip drawing.
[2025-10-08 15:18:55.204] [warning] Frame 1141: Invalid point (-98.2, 522.1) (out of image bounds), skip drawing.
[2025-10-08 15:18:55.242] [warning] Frame 1142: Invalid point (-97.0, 522.1) (out of image bounds), skip drawing.
[2025-10-08 15:18:55.268] [warning] Frame 1143: Invalid point (-88.1, 523.8) (out of image bounds), skip drawing.
[2025-10-08 15:18:55.302] [warning] Frame 1144: Invalid point (-90.5, 524.1) (out of image bounds), skip drawing.
[2025-10-08 15:18:55.332] [warning] Frame 1145: Invalid point (-89.1, 522.8) (out of image bounds), skip drawing.
[2025-10-08 15:18:55.360] [warning] Frame 1146: Invalid point (-80.8, 519.3) (out of image bounds), skip drawing.
[2025-10-08 15:18:55.395] [warning] Frame 1147: Invalid point (-83.2, 520.1) (out of image bounds), skip drawing.
[2025-10-08 15:18:55.422] [warning] Frame 1148: Invalid point (-82.6, 519.7) (out of image bounds), skip drawing.
[2025-10-08 15:18:55.449] [warning] Frame 1149: Invalid point (-80.9, 518.4) (out of image bounds), skip drawing.
[2025-10-08 15:18:55.474] [warning] Frame 1150: Invalid point (-84.7, 516.9) (out of image bounds), skip drawing.
[2025-10-08 15:18:55.505] [warning] Frame 1151: Invalid point (-81.4, 520.1) (out of image bounds), skip drawing.
[2025-10-08 15:18:55.528] [warning] Frame 1152: Invalid point (-88.2, 520.5) (out of image bounds), skip drawing.
[2025-10-08 15:18:55.553] [warning] Frame 1153: Invalid point (-83.1, 526.3) (out of image bounds), skip drawing.
[2025-10-08 15:18:55.576] [warning] Frame 1154: Invalid point (-84.4, 523.4) (out of image bounds), skip drawing.
[2025-10-08 15:18:55.603] [warning] Frame 1155: Invalid point (-84.5, 520.7) (out of image bounds), skip drawing.
[2025-10-08 15:18:55.629] [warning] Frame 1156: Invalid point (-88.1, 524.4) (out of image bounds), skip drawing.
[2025-10-08 15:18:55.652] [warning] Frame 1157: Invalid point (-82.5, 524.2) (out of image bounds), skip drawing.
[2025-10-08 15:18:55.679] [warning] Frame 1158: Invalid point (-94.3, 521.8) (out of image bounds), skip drawing.
[2025-10-08 15:18:55.713] [warning] Frame 1159: Invalid point (-86.5, 526.5) (out of image bounds), skip drawing.
[2025-10-08 15:18:55.736] [warning] Frame 1160: Invalid point (-92.9, 520.1) (out of image bounds), skip drawing.
[2025-10-08 15:18:55.759] [warning] Frame 1161: Invalid point (-87.8, 526.9) (out of image bounds), skip drawing.
[2025-10-08 15:18:55.792] [warning] Frame 1162: Invalid point (-90.4, 521.8) (out of image bounds), skip drawing.
[2025-10-08 15:18:55.817] [warning] Frame 1163: Invalid point (-89.9, 524.6) (out of image bounds), skip drawing.
[2025-10-08 15:18:55.855] [warning] Frame 1164: Invalid point (-79.6, 524.2) (out of image bounds), skip drawing.
[2025-10-08 15:18:55.879] [warning] Frame 1165: Invalid point (-95.5, 522.7) (out of image bounds), skip drawing.
[2025-10-08 15:18:55.903] [warning] Frame 1166: Invalid point (-88.5, 522.0) (out of image bounds), skip drawing.
[2025-10-08 15:18:55.926] [warning] Frame 1167: Invalid point (-80.1, 522.9) (out of image bounds), skip drawing.
[2025-10-08 15:18:55.948] [warning] Frame 1168: Invalid point (-78.1, 522.1) (out of image bounds), skip drawing.
[2025-10-08 15:18:55.974] [warning] Frame 1169: Invalid point (-75.0, 521.3) (out of image bounds), skip drawing.
[2025-10-08 15:18:56.000] [warning] Frame 1170: Invalid point (-73.6, 519.2) (out of image bounds), skip drawing.
[2025-10-08 15:18:56.021] [warning] Frame 1171: Invalid point (-71.1, 514.9) (out of image bounds), skip drawing.
[2025-10-08 15:18:56.051] [warning] Frame 1172: Invalid point (-73.7, 517.8) (out of image bounds), skip drawing.
[2025-10-08 15:18:56.078] [warning] Frame 1173: Invalid point (-65.4, 521.9) (out of image bounds), skip drawing.
[2025-10-08 15:18:56.104] [warning] Frame 1174: Invalid point (-66.1, 517.5) (out of image bounds), skip drawing.
[2025-10-08 15:18:56.129] [warning] Frame 1175: Invalid point (-64.8, 523.2) (out of image bounds), skip drawing.
[2025-10-08 15:18:56.159] [warning] Frame 1176: Invalid point (-65.4, 517.2) (out of image bounds), skip drawing.
[2025-10-08 15:18:56.192] [warning] Frame 1177: Invalid point (-61.8, 521.4) (out of image bounds), skip drawing.
[2025-10-08 15:18:56.218] [warning] Frame 1178: Invalid point (-62.3, 522.7) (out of image bounds), skip drawing.
[2025-10-08 15:18:56.243] [warning] Frame 1179: Invalid point (-64.0, 520.9) (out of image bounds), skip drawing.
[2025-10-08 15:18:56.272] [warning] Frame 1180: Invalid point (-67.7, 518.5) (out of image bounds), skip drawing.
[2025-10-08 15:18:56.303] [warning] Frame 1181: Invalid point (-71.1, 525.7) (out of image bounds), skip drawing.
[2025-10-08 15:18:56.337] [warning] Frame 1182: Invalid point (-68.6, 527.4) (out of image bounds), skip drawing.
[2025-10-08 15:18:56.363] [warning] Frame 1183: Invalid point (-73.6, 519.8) (out of image bounds), skip drawing.
[2025-10-08 15:18:56.386] [warning] Frame 1184: Invalid point (-70.9, 527.0) (out of image bounds), skip drawing.
[2025-10-08 15:18:56.416] [warning] Frame 1185: Invalid point (-69.3, 525.0) (out of image bounds), skip drawing.
[2025-10-08 15:18:56.440] [warning] Frame 1186: Invalid point (-75.2, 521.1) (out of image bounds), skip drawing.
[2025-10-08 15:18:56.469] [warning] Frame 1187: Invalid point (-78.1, 528.3) (out of image bounds), skip drawing.
[2025-10-08 15:18:56.495] [warning] Frame 1188: Invalid point (-79.5, 527.6) (out of image bounds), skip drawing.
[2025-10-08 15:18:56.522] [warning] Frame 1189: Invalid point (-81.8, 528.3) (out of image bounds), skip drawing.
[2025-10-08 15:18:56.548] [warning] Frame 1190: Invalid point (-77.5, 525.0) (out of image bounds), skip drawing.
[2025-10-08 15:18:56.573] [warning] Frame 1191: Invalid point (-80.3, 528.3) (out of image bounds), skip drawing.
[2025-10-08 15:18:56.597] [warning] Frame 1192: Invalid point (-78.8, 526.2) (out of image bounds), skip drawing.
[2025-10-08 15:18:56.619] [warning] Frame 1193: Invalid point (-82.9, 528.3) (out of image bounds), skip drawing.
[2025-10-08 15:18:56.645] [warning] Frame 1194: Invalid point (-84.9, 530.1) (out of image bounds), skip drawing.
[2025-10-08 15:18:56.672] [warning] Frame 1195: Invalid point (-88.4, 529.8) (out of image bounds), skip drawing.
[2025-10-08 15:18:56.701] [warning] Frame 1196: Invalid point (-84.6, 526.6) (out of image bounds), skip drawing.
[2025-10-08 15:18:56.729] [warning] Frame 1197: Invalid point (-94.2, 526.7) (out of image bounds), skip drawing.
[2025-10-08 15:18:56.754] [warning] Frame 1198: Invalid point (-86.7, 529.8) (out of image bounds), skip drawing.
[2025-10-08 15:18:56.781] [warning] Frame 1199: Invalid point (-89.2, 530.2) (out of image bounds), skip drawing.
[2025-10-08 15:18:56.806] [warning] Frame 1200: Invalid point (-90.6, 526.9) (out of image bounds), skip drawing.
[2025-10-08 15:18:56.834] [warning] Frame 1201: Invalid point (-91.0, 525.2) (out of image bounds), skip drawing.
[2025-10-08 15:18:56.856] [warning] Frame 1202: Invalid point (-101.4, 530.6) (out of image bounds), skip drawing.
[2025-10-08 15:18:56.881] [warning] Frame 1203: Invalid point (-99.1, 523.8) (out of image bounds), skip drawing.
[2025-10-08 15:18:56.910] [warning] Frame 1204: Invalid point (-99.1, 527.3) (out of image bounds), skip drawing.
[2025-10-08 15:18:56.938] [warning] Frame 1205: Invalid point (-98.5, 529.5) (out of image bounds), skip drawing.
[2025-10-08 15:18:56.959] [warning] Frame 1206: Invalid point (-94.8, 526.7) (out of image bounds), skip drawing.
[2025-10-08 15:18:56.993] [warning] Frame 1207: Invalid point (-91.5, 526.2) (out of image bounds), skip drawing.
[2025-10-08 15:18:57.021] [warning] Frame 1208: Invalid point (-97.0, 531.0) (out of image bounds), skip drawing.
[2025-10-08 15:18:57.040] [warning] Frame 1209: Invalid point (-100.9, 523.8) (out of image bounds), skip drawing.
[2025-10-08 15:18:57.063] [warning] Frame 1210: Invalid point (-101.9, 525.9) (out of image bounds), skip drawing.
[2025-10-08 15:18:57.096] [warning] Frame 1211: Invalid point (-102.4, 520.6) (out of image bounds), skip drawing.
[2025-10-08 15:18:57.125] [warning] Frame 1212: Invalid point (-95.9, 521.5) (out of image bounds), skip drawing.
[2025-10-08 15:18:57.148] [warning] Frame 1213: Invalid point (-96.7, 527.2) (out of image bounds), skip drawing.
[2025-10-08 15:18:57.172] [warning] Frame 1214: Invalid point (-102.4, 527.1) (out of image bounds), skip drawing.
[2025-10-08 15:18:57.200] [warning] Frame 1215: Invalid point (-94.9, 519.2) (out of image bounds), skip drawing.
[2025-10-08 15:18:57.227] [warning] Frame 1216: Invalid point (-100.3, 522.3) (out of image bounds), skip drawing.
[2025-10-08 15:18:57.250] [warning] Frame 1217: Invalid point (-101.8, 523.9) (out of image bounds), skip drawing.
[2025-10-08 15:18:57.275] [warning] Frame 1218: Invalid point (-98.5, 525.6) (out of image bounds), skip drawing.
[2025-10-08 15:18:57.331] [warning] Frame 1220: Invalid point (-97.3, 525.5) (out of image bounds), skip drawing.
[2025-10-08 15:18:57.355] [warning] Frame 1221: Invalid point (-93.0, 529.2) (out of image bounds), skip drawing.
[2025-10-08 15:18:57.382] [warning] Frame 1222: Invalid point (-99.2, 520.8) (out of image bounds), skip drawing.
[2025-10-08 15:18:57.412] [warning] Frame 1223: Invalid point (-102.1, 527.3) (out of image bounds), skip drawing.
[2025-10-08 15:18:57.434] [warning] Frame 1224: Invalid point (-93.3, 528.4) (out of image bounds), skip drawing.
[2025-10-08 15:18:57.461] [warning] Frame 1225: Invalid point (-95.1, 524.7) (out of image bounds), skip drawing.
[2025-10-08 15:18:57.490] [warning] Frame 1226: Invalid point (-93.4, 522.8) (out of image bounds), skip drawing.
[2025-10-08 15:18:57.513] [warning] Frame 1227: Invalid point (-99.0, 522.5) (out of image bounds), skip drawing.
[2025-10-08 15:18:57.540] [warning] Frame 1228: Invalid point (-97.8, 525.7) (out of image bounds), skip drawing.
[2025-10-08 15:18:57.570] [warning] Frame 1229: Invalid point (-94.5, 526.5) (out of image bounds), skip drawing.
[2025-10-08 15:18:57.598] [warning] Frame 1230: Invalid point (-95.3, 525.2) (out of image bounds), skip drawing.
[2025-10-08 15:18:57.623] [warning] Frame 1231: Invalid point (-100.0, 525.6) (out of image bounds), skip drawing.
[2025-10-08 15:18:57.647] [warning] Frame 1232: Invalid point (-99.6, 525.1) (out of image bounds), skip drawing.
[2025-10-08 15:18:57.672] [warning] Frame 1233: Invalid point (-101.0, 526.9) (out of image bounds), skip drawing.
[2025-10-08 15:18:57.699] [warning] Frame 1234: Invalid point (-107.4, 526.9) (out of image bounds), skip drawing.
[2025-10-08 15:18:57.724] [warning] Frame 1235: Invalid point (-98.5, 524.0) (out of image bounds), skip drawing.
[2025-10-08 15:18:57.749] [warning] Frame 1236: Invalid point (-102.1, 524.5) (out of image bounds), skip drawing.
[2025-10-08 15:18:57.777] [warning] Frame 1237: Invalid point (-93.9, 523.6) (out of image bounds), skip drawing.
[2025-10-08 15:18:57.808] [warning] Frame 1238: Invalid point (-104.7, 524.7) (out of image bounds), skip drawing.
[2025-10-08 15:18:57.829] [warning] Frame 1239: Invalid point (-99.7, 524.4) (out of image bounds), skip drawing.
[2025-10-08 15:18:57.860] [warning] Frame 1240: Invalid point (-105.2, 524.4) (out of image bounds), skip drawing.
[2025-10-08 15:18:57.900] [warning] Frame 1241: Invalid point (-103.1, 523.9) (out of image bounds), skip drawing.
[2025-10-08 15:18:57.922] [warning] Frame 1242: Invalid point (-98.9, 520.2) (out of image bounds), skip drawing.
[2025-10-08 15:18:57.943] [warning] Frame 1243: Invalid point (-96.3, 519.1) (out of image bounds), skip drawing.
[2025-10-08 15:18:57.968] [warning] Frame 1244: Invalid point (-101.5, 521.0) (out of image bounds), skip drawing.
[2025-10-08 15:18:57.989] [warning] Frame 1245: Invalid point (-90.8, 528.4) (out of image bounds), skip drawing.
[2025-10-08 15:18:58.015] [warning] Frame 1246: Invalid point (-103.1, 522.4) (out of image bounds), skip drawing.
[2025-10-08 15:18:58.066] [warning] Frame 1248: Invalid point (-98.3, 521.5) (out of image bounds), skip drawing.
[2025-10-08 15:18:58.098] [warning] Frame 1249: Invalid point (-99.6, 520.5) (out of image bounds), skip drawing.
[2025-10-08 15:18:58.122] [warning] Frame 1250: Invalid point (-89.3, 523.2) (out of image bounds), skip drawing.
[2025-10-08 15:18:58.170] [warning] Frame 1252: Invalid point (-95.5, 525.6) (out of image bounds), skip drawing.
[2025-10-08 15:18:58.203] [warning] Frame 1253: Invalid point (-101.2, 527.5) (out of image bounds), skip drawing.
[2025-10-08 15:18:58.225] [warning] Frame 1254: Invalid point (-98.4, 525.9) (out of image bounds), skip drawing.
[2025-10-08 15:18:58.253] [warning] Frame 1255: Invalid point (-93.9, 526.3) (out of image bounds), skip drawing.
[2025-10-08 15:18:58.275] [warning] Frame 1256: Invalid point (-93.3, 525.4) (out of image bounds), skip drawing.
[2025-10-08 15:18:58.306] [warning] Frame 1257: Invalid point (-98.5, 528.7) (out of image bounds), skip drawing.
[2025-10-08 15:18:58.327] [warning] Frame 1258: Invalid point (-90.7, 528.3) (out of image bounds), skip drawing.
[2025-10-08 15:18:58.356] [warning] Frame 1259: Invalid point (-86.1, 524.2) (out of image bounds), skip drawing.
[2025-10-08 15:18:58.382] [warning] Frame 1260: Invalid point (-86.0, 531.9) (out of image bounds), skip drawing.
[2025-10-08 15:18:58.407] [warning] Frame 1261: Invalid point (-85.9, 528.7) (out of image bounds), skip drawing.
[2025-10-08 15:18:58.434] [warning] Frame 1262: Invalid point (-88.5, 529.9) (out of image bounds), skip drawing.
[2025-10-08 15:18:58.464] [warning] Frame 1263: Invalid point (-90.3, 533.8) (out of image bounds), skip drawing.
[2025-10-08 15:18:58.485] [warning] Frame 1264: Invalid point (-87.5, 527.0) (out of image bounds), skip drawing.
[2025-10-08 15:18:58.517] [warning] Frame 1265: Invalid point (-90.9, 526.7) (out of image bounds), skip drawing.
[2025-10-08 15:18:58.538] [warning] Frame 1266: Invalid point (-93.5, 531.9) (out of image bounds), skip drawing.
[2025-10-08 15:18:58.579] [warning] Frame 1267: Invalid point (-80.8, 525.6) (out of image bounds), skip drawing.
[2025-10-08 15:18:58.602] [warning] Frame 1268: Invalid point (-87.6, 522.9) (out of image bounds), skip drawing.
[2025-10-08 15:18:58.625] [warning] Frame 1269: Invalid point (-85.2, 526.6) (out of image bounds), skip drawing.
[2025-10-08 15:18:58.655] [warning] Frame 1270: Invalid point (-75.2, 523.6) (out of image bounds), skip drawing.
[2025-10-08 15:18:58.677] [warning] Frame 1271: Invalid point (-68.0, 527.2) (out of image bounds), skip drawing.
[2025-10-08 15:18:58.699] [warning] Frame 1272: Invalid point (-70.4, 528.6) (out of image bounds), skip drawing.
[2025-10-08 15:18:58.723] [warning] Frame 1273: Invalid point (-66.5, 526.7) (out of image bounds), skip drawing.
[2025-10-08 15:18:58.750] [warning] Frame 1274: Invalid point (-66.1, 524.7) (out of image bounds), skip drawing.
[2025-10-08 15:18:58.777] [warning] Frame 1275: Invalid point (-63.4, 528.8) (out of image bounds), skip drawing.
[2025-10-08 15:18:58.803] [warning] Frame 1276: Invalid point (-64.1, 522.5) (out of image bounds), skip drawing.
[2025-10-08 15:18:58.831] [warning] Frame 1277: Invalid point (-65.8, 522.4) (out of image bounds), skip drawing.
[2025-10-08 15:18:58.854] [warning] Frame 1278: Invalid point (-63.4, 528.0) (out of image bounds), skip drawing.
[2025-10-08 15:18:58.884] [warning] Frame 1279: Invalid point (-65.0, 526.5) (out of image bounds), skip drawing.
[2025-10-08 15:18:58.910] [warning] Frame 1280: Invalid point (-59.3, 525.9) (out of image bounds), skip drawing.
[2025-10-08 15:18:58.937] [warning] Frame 1281: Invalid point (-59.8, 526.1) (out of image bounds), skip drawing.
[2025-10-08 15:18:58.966] [warning] Frame 1282: Invalid point (-56.5, 528.6) (out of image bounds), skip drawing.
[2025-10-08 15:18:58.987] [warning] Frame 1283: Invalid point (-55.3, 526.2) (out of image bounds), skip drawing.
[2025-10-08 15:18:59.015] [warning] Frame 1284: Invalid point (-53.7, 525.6) (out of image bounds), skip drawing.
[2025-10-08 15:18:59.044] [warning] Frame 1285: Invalid point (-51.6, 528.2) (out of image bounds), skip drawing.
[2025-10-08 15:18:59.068] [warning] Frame 1286: Invalid point (-49.2, 530.2) (out of image bounds), skip drawing.
[2025-10-08 15:18:59.093] [warning] Frame 1287: Invalid point (-51.2, 526.9) (out of image bounds), skip drawing.
[2025-10-08 15:18:59.117] [warning] Frame 1288: Invalid point (-44.5, 529.6) (out of image bounds), skip drawing.
[2025-10-08 15:18:59.148] [warning] Frame 1289: Invalid point (-41.8, 529.3) (out of image bounds), skip drawing.
[2025-10-08 15:18:59.171] [warning] Frame 1290: Invalid point (-47.0, 527.5) (out of image bounds), skip drawing.
[2025-10-08 15:18:59.197] [warning] Frame 1291: Invalid point (-46.1, 527.7) (out of image bounds), skip drawing.
[2025-10-08 15:18:59.229] [warning] Frame 1292: Invalid point (-41.3, 526.9) (out of image bounds), skip drawing.
[2025-10-08 15:18:59.253] [warning] Frame 1293: Invalid point (-34.8, 527.0) (out of image bounds), skip drawing.
[2025-10-08 15:18:59.281] [warning] Frame 1294: Invalid point (-38.4, 524.8) (out of image bounds), skip drawing.
[2025-10-08 15:18:59.306] [warning] Frame 1295: Invalid point (-35.8, 527.0) (out of image bounds), skip drawing.
[2025-10-08 15:18:59.327] [warning] Frame 1296: Invalid point (-20.3, 526.5) (out of image bounds), skip drawing.
[2025-10-08 15:18:59.362] [warning] Frame 1297: Invalid point (-14.9, 529.0) (out of image bounds), skip drawing.
[2025-10-08 15:18:59.386] [warning] Frame 1298: Invalid point (-15.0, 526.6) (out of image bounds), skip drawing.
[2025-10-08 15:18:59.410] [warning] Frame 1299: Invalid point (-11.0, 520.9) (out of image bounds), skip drawing.
[2025-10-08 15:18:59.442] [warning] Frame 1300: Invalid point (-8.2, 520.2) (out of image bounds), skip drawing.
[2025-10-08 15:18:59.467] [warning] Frame 1301: Invalid point (-4.9, 521.1) (out of image bounds), skip drawing.
[2025-10-08 15:18:59.494] [warning] Frame 1302: Invalid point (-6.7, 520.8) (out of image bounds), skip drawing.
[2025-10-08 15:18:59.519] [warning] Frame 1303: Invalid point (-6.8, 515.1) (out of image bounds), skip drawing.
[2025-10-08 15:18:59.544] [warning] Frame 1304: Invalid point (-6.9, 513.9) (out of image bounds), skip drawing.
[2025-10-08 15:18:59.569] [warning] Frame 1305: Invalid point (-8.1, 515.5) (out of image bounds), skip drawing.
[2025-10-08 15:18:59.593] [warning] Frame 1306: Invalid point (-6.6, 511.8) (out of image bounds), skip drawing.
[2025-10-08 15:18:59.619] [warning] Frame 1307: Invalid point (-5.9, 512.3) (out of image bounds), skip drawing.
[2025-10-08 15:18:59.644] [warning] Frame 1308: Invalid point (-5.4, 515.0) (out of image bounds), skip drawing.
[2025-10-08 15:18:59.672] [warning] Frame 1309: Invalid point (-6.0, 515.9) (out of image bounds), skip drawing.
[2025-10-08 15:18:59.699] [warning] Frame 1310: Invalid point (-5.6, 515.0) (out of image bounds), skip drawing.
[2025-10-08 15:18:59.726] [warning] Frame 1311: Invalid point (-6.7, 516.9) (out of image bounds), skip drawing.
[2025-10-08 15:18:59.755] [warning] Frame 1312: Invalid point (-9.6, 515.4) (out of image bounds), skip drawing.
[2025-10-08 15:18:59.779] [warning] Frame 1313: Invalid point (-9.0, 514.6) (out of image bounds), skip drawing.
[2025-10-08 15:18:59.804] [warning] Frame 1314: Invalid point (-10.9, 511.3) (out of image bounds), skip drawing.
[2025-10-08 15:18:59.831] [warning] Frame 1315: Invalid point (-12.0, 509.5) (out of image bounds), skip drawing.
[2025-10-08 15:18:59.857] [warning] Frame 1316: Invalid point (-15.8, 512.2) (out of image bounds), skip drawing.
[2025-10-08 15:18:59.882] [warning] Frame 1317: Invalid point (-15.2, 514.2) (out of image bounds), skip drawing.
[2025-10-08 15:18:59.909] [warning] Frame 1318: Invalid point (-14.3, 514.4) (out of image bounds), skip drawing.
[2025-10-08 15:18:59.937] [warning] Frame 1319: Invalid point (-24.7, 515.0) (out of image bounds), skip drawing.
[2025-10-08 15:18:59.960] [warning] Frame 1320: Invalid point (-36.8, 512.9) (out of image bounds), skip drawing.
[2025-10-08 15:18:59.986] [warning] Frame 1321: Invalid point (-35.2, 511.5) (out of image bounds), skip drawing.
[2025-10-08 15:19:00.018] [warning] Frame 1322: Invalid point (-35.8, 511.6) (out of image bounds), skip drawing.
[2025-10-08 15:19:00.039] [warning] Frame 1323: Invalid point (-37.9, 511.1) (out of image bounds), skip drawing.
[2025-10-08 15:19:00.069] [warning] Frame 1324: Invalid point (-33.1, 513.3) (out of image bounds), skip drawing.
[2025-10-08 15:19:00.092] [warning] Frame 1325: Invalid point (-14.0, 512.2) (out of image bounds), skip drawing.
[2025-10-08 15:19:00.118] [warning] Frame 1326: Invalid point (-14.8, 506.9) (out of image bounds), skip drawing.
[2025-10-08 15:19:00.149] [warning] Frame 1327: Invalid point (-4.0, 507.9) (out of image bounds), skip drawing.
[2025-10-08 15:19:01.357] [warning] Failed to get image buffer, retrying...
[2025-10-08 15:19:01.467] [warning] Failed to get image buffer, retrying...
[2025-10-08 15:19:01.578] [warning] Failed to get image buffer, retrying...
[2025-10-08 15:19:01.687] [warning] Failed to get image buffer, retrying...
[2025-10-08 15:19:01.796] [warning] Failed to get image buffer, retrying...
[2025-10-08 15:19:01.907] [warning] Failed to get image buffer, retrying...
[2025-10-08 15:19:02.017] [warning] Failed to get image buffer, retrying...
[2025-10-08 15:19:02.126] [warning] Failed to get image buffer, retrying...
[2025-10-08 15:19:02.234] [warning] Failed to get image buffer, retrying...
[2025-10-08 15:19:02.316] [warning] Frame 1370: Invalid point (-84.8, 452.5) (out of image bounds), skip drawing.
[2025-10-08 15:19:02.352] [warning] Frame 1371: Invalid point (-81.8, 456.6) (out of image bounds), skip drawing.
[2025-10-08 15:19:02.386] [warning] Frame 1372: Invalid point (-85.9, 452.9) (out of image bounds), skip drawing.
[2025-10-08 15:19:02.420] [warning] Frame 1373: Invalid point (-84.8, 454.2) (out of image bounds), skip drawing.
[2025-10-08 15:19:02.447] [warning] Frame 1374: Invalid point (-78.0, 450.3) (out of image bounds), skip drawing.
[2025-10-08 15:19:02.479] [warning] Frame 1375: Invalid point (-71.4, 452.5) (out of image bounds), skip drawing.
[2025-10-08 15:19:02.518] [warning] Frame 1376: Invalid point (-66.2, 455.0) (out of image bounds), skip drawing.
[2025-10-08 15:19:02.546] [warning] Frame 1377: Invalid point (-66.0, 453.3) (out of image bounds), skip drawing.
[2025-10-08 15:19:02.572] [warning] Frame 1378: Invalid point (-60.9, 451.8) (out of image bounds), skip drawing.
[2025-10-08 15:19:02.601] [warning] Frame 1379: Invalid point (-60.6, 455.5) (out of image bounds), skip drawing.
[2025-10-08 15:19:02.629] [warning] Frame 1380: Invalid point (-65.9, 450.8) (out of image bounds), skip drawing.
[2025-10-08 15:19:02.659] [warning] Frame 1381: Invalid point (-63.6, 460.3) (out of image bounds), skip drawing.
[2025-10-08 15:19:02.686] [warning] Frame 1382: Invalid point (-70.8, 448.8) (out of image bounds), skip drawing.
[2025-10-08 15:19:02.713] [warning] Frame 1383: Invalid point (-77.5, 449.5) (out of image bounds), skip drawing.
[2025-10-08 15:19:02.735] [warning] Frame 1384: Invalid point (-74.3, 447.2) (out of image bounds), skip drawing.
[2025-10-08 15:19:02.763] [warning] Frame 1385: Invalid point (-76.3, 446.6) (out of image bounds), skip drawing.
[2025-10-08 15:19:02.792] [warning] Frame 1386: Invalid point (-80.0, 447.5) (out of image bounds), skip drawing.
[2025-10-08 15:19:02.816] [warning] Frame 1387: Invalid point (-83.0, 445.4) (out of image bounds), skip drawing.
[2025-10-08 15:19:02.846] [warning] Frame 1388: Invalid point (-80.8, 441.9) (out of image bounds), skip drawing.
[2025-10-08 15:19:02.871] [warning] Frame 1389: Invalid point (-76.0, 441.5) (out of image bounds), skip drawing.
[2025-10-08 15:19:02.894] [warning] Frame 1390: Invalid point (-83.8, 439.4) (out of image bounds), skip drawing.
[2025-10-08 15:19:02.921] [warning] Frame 1391: Invalid point (-82.9, 443.8) (out of image bounds), skip drawing.
[2025-10-08 15:19:02.943] [warning] Frame 1392: Invalid point (-84.2, 444.4) (out of image bounds), skip drawing.
[2025-10-08 15:19:02.968] [warning] Frame 1393: Invalid point (-85.3, 448.1) (out of image bounds), skip drawing.
[2025-10-08 15:19:02.997] [warning] Frame 1394: Invalid point (-91.7, 437.4) (out of image bounds), skip drawing.
[2025-10-08 15:19:03.023] [warning] Frame 1395: Invalid point (-80.0, 446.8) (out of image bounds), skip drawing.
[2025-10-08 15:19:03.062] [warning] Frame 1396: Invalid point (-77.9, 449.7) (out of image bounds), skip drawing.
[2025-10-08 15:19:03.087] [warning] Frame 1397: Invalid point (-85.0, 446.0) (out of image bounds), skip drawing.
[2025-10-08 15:19:03.119] [warning] Frame 1398: Invalid point (-85.6, 446.6) (out of image bounds), skip drawing.
[2025-10-08 15:19:03.150] [warning] Frame 1399: Invalid point (-99.2, 443.3) (out of image bounds), skip drawing.
[2025-10-08 15:19:03.173] [warning] Frame 1400: Invalid point (-84.6, 442.5) (out of image bounds), skip drawing.
[2025-10-08 15:19:03.205] [warning] Frame 1401: Invalid point (-81.9, 439.4) (out of image bounds), skip drawing.
[2025-10-08 15:19:03.237] [warning] Frame 1402: Invalid point (-82.6, 436.4) (out of image bounds), skip drawing.
[2025-10-08 15:19:03.264] [warning] Frame 1403: Invalid point (-82.9, 432.8) (out of image bounds), skip drawing.
[2025-10-08 15:19:03.290] [warning] Frame 1404: Invalid point (-81.2, 425.5) (out of image bounds), skip drawing.
[2025-10-08 15:19:03.311] [warning] Frame 1405: Invalid point (-84.9, 423.4) (out of image bounds), skip drawing.
[2025-10-08 15:19:03.340] [warning] Frame 1406: Invalid point (-69.3, 420.6) (out of image bounds), skip drawing.
[2025-10-08 15:19:03.370] [warning] Frame 1407: Invalid point (-62.5, 416.5) (out of image bounds), skip drawing.
[2025-10-08 15:19:03.397] [warning] Frame 1408: Invalid point (-38.7, 407.3) (out of image bounds), skip drawing.
[2025-10-08 15:19:03.424] [warning] Frame 1409: Invalid point (-16.8, 400.9) (out of image bounds), skip drawing.
[2025-10-08 15:19:03.453] [warning] Frame 1410: Invalid point (-13.5, 623.8) (out of image bounds), skip drawing.
[2025-10-08 15:19:04.559] [warning] Failed to get image buffer, retrying...
[2025-10-08 15:19:04.666] [warning] Failed to get image buffer, retrying...
[2025-10-08 15:19:04.774] [warning] Failed to get image buffer, retrying...
[2025-10-08 15:19:04.884] [warning] Failed to get image buffer, retrying...
[2025-10-08 15:19:04.985] [warning] Failed to get image buffer, retrying...
[2025-10-08 15:19:05.086] [warning] Failed to get image buffer, retrying...
[2025-10-08 15:19:05.198] [warning] Failed to get image buffer, retrying...
[2025-10-08 15:19:05.307] [warning] Failed to get image buffer, retrying...
[2025-10-08 15:19:05.416] [warning] Failed to get image buffer, retrying...
[2025-10-08 15:19:10.114] [warning] Failed to get image buffer, retrying...
[2025-10-08 15:19:10.222] [warning] Failed to get image buffer, retrying...
[2025-10-08 15:19:10.331] [warning] Failed to get image buffer, retrying...
[2025-10-08 15:19:10.440] [warning] Failed to get image buffer, retrying...
[2025-10-08 15:19:10.542] [warning] Failed to get image buffer, retrying...
[2025-10-08 15:19:10.646] [warning] Failed to get image buffer, retrying...
[2025-10-08 15:19:10.758] [warning] Failed to get image buffer, retrying...
[2025-10-08 15:19:10.867] [warning] Failed to get image buffer, retrying...
[2025-10-08 15:19:10.977] [warning] Failed to get image buffer, retrying...
[2025-10-08 15:19:15.747] [warning] Failed to get image buffer, retrying...
[2025-10-08 15:19:15.847] [warning] Failed to get image buffer, retrying...
[2025-10-08 15:19:15.949] [warning] Failed to get image buffer, retrying...
[2025-10-08 15:19:16.056] [warning] Failed to get image buffer, retrying...
[2025-10-08 15:19:16.167] [warning] Failed to get image buffer, retrying...
[2025-10-08 15:19:16.277] [warning] Failed to get image buffer, retrying...
[2025-10-08 15:19:16.386] [warning] Failed to get image buffer, retrying...
[2025-10-08 15:19:16.495] [warning] Failed to get image buffer, retrying...
[2025-10-08 15:19:16.604] [warning] Failed to get image buffer, retrying...
