Warning 2025-10-08 15:18:07:339  DevID:  Source-Line:libMvCameraControl.so(GenTLLoadLibraryEx.cpp-L0345)  ProcessName:main(19996)     Description:[LoadCtiLibInter]MV_GCSetConfigIntValue is NULL, CTI path[/opt/MVS/lib/64/libMvProducerVIR.so]
Warning 2025-10-08 15:18:07:340  DevID:Virtual USB3 Vision  Source-Line:libMvCameraControl.so(GenTLManager.cpp-L1360)  ProcessName:main(19996)     Description:[OpenInterfaceInter]Get cti version failed, nRet[0x8000000c]
Info    2025-10-08 15:18:07:340  DevID:Virtual USB3 Vision  Source-Line:libMvCameraControl.so(GenTLManager.cpp-L1362)  ProcessName:main(19996)     Description:[OpenInterfaceInter]Interface open success! VIRU3VCtiVersion[], VIRU3VDrvVersion[]
Info    2025-10-08 15:18:07:351  DevID:MV-CS016-10UC(DA1351666)  Source-Line:libMvCameraControl.so(U3VDevice.cpp-L0199)  ProcessName:main(19996)     Description:[Init][U3V Info]Speed[0x320], DeviceAddress[0], VendorName[Hikrobot], ManufacturerInfo[Hikrobot], DeviceVersion[V2.1.3 230704 1057928], UserID[]
Info    2025-10-08 15:18:07:351  DevID:MV-CS016-10UC(DA1351666)  Source-Line:libMvCameraControl.so(MediaProcess.cpp-L0880)  ProcessName:main(19996)     Description:[SetBayerCvtQuality]Set Bayer CvtQuality success! BayerCvtQuality[1]
Info    2025-10-08 15:18:07:351  DevID:MV-CS016-10UC(DA1351666)  Source-Line:libMvCameraControl.so(MediaProcess.cpp-L1732)  ProcessName:main(19996)     Description:[SetBayerThreadNum]Set Bayer Thread Num success! BayerThreadNum[2]
Info    2025-10-08 15:18:07:351  DevID:MV-CS016-10UC(DA1351666)  Source-Line:libMvCameraControl.so(MediaProcess.cpp-L0880)  ProcessName:main(19996)     Description:[SetBayerCvtQuality]Set Bayer CvtQuality success! BayerCvtQuality[1]
Info    2025-10-08 15:18:07:351  DevID:MV-CS016-10UC(DA1351666)  Source-Line:libMvCameraControl.so(MediaProcess.cpp-L1732)  ProcessName:main(19996)     Description:[SetBayerThreadNum]Set Bayer Thread Num success! BayerThreadNum[2]
Info    2025-10-08 15:18:07:351  DevID:MV-CS016-10UC(DA1351666)  Source-Line:libMvCameraControl.so(U3VDevice.cpp-L0830)  ProcessName:main(19996)     Description:[IsValidVersion]CamCtrl[0x4060103], U3V SDKVersion[0x4060003], DriverVersion[0x0]
Info    2025-10-08 15:18:08:037  DevID:MV-CS016-10UC(DA1351666)  Source-Line:libMvCameraControl.so(U3VDevice.cpp-L0609)  ProcessName:main(19996)     Description:[GetXmlInfo]Get GenICamXML From device, len [0x11cff] Type[1]
Info    2025-10-08 15:18:08:037  DevID:MV-CS016-10UC(DA1351666)  Source-Line:libMvCameraControl.so(U3VDevice.cpp-L1046)  ProcessName:main(19996)     Description:[OpenDevice]Get GenICamXML len [0x11cff] Type[1]
Info    2025-10-08 15:18:08:092  DevID:MV-CS016-10UC(DA1351666)  Source-Line:libMvCameraControl.so(U3VDevice.cpp-L1272)  ProcessName:main(19996)     Description:[SetTransferSize]Set Transfer Size success! TransferSize[1048576]
Info    2025-10-08 15:18:08:092  DevID:MV-CS016-10UC(DA1351666)  Source-Line:libMvCameraControl.so(U3VDevice.cpp-L1328)  ProcessName:main(19996)     Description:[SetStreamPayloadTimeout]Set StreamPayload Timeout success! StreamPayloadTimeout[50]
Info    2025-10-08 15:18:08:092  DevID:MV-CS016-10UC(DA1351666)  Source-Line:libMvCameraControl.so(U3VDevice.cpp-L1356)  ProcessName:main(19996)     Description:[SetSIControlRegTimeout]Set nSIControlReg Timeout success! nSIControlRegTimeout[30]
Info    2025-10-08 15:18:08:092  DevID:MV-CS016-10UC(DA1351666)  Source-Line:libMvCameraControl.so(U3VDevice.cpp-L1384)  ProcessName:main(19996)     Description:[SetSyncTimeout]Set sync Timeout success! nSyncTimeout[1000]
Info    2025-10-08 15:18:08:093  DevID:MV-CS016-10UC(DA1351666)  Source-Line:libMvCameraControl.so(GenICamImpl.cpp-L0752)  ProcessName:main(19996)     Description:[InvalidateNodes]Invalidate Nodes success
Info    2025-10-08 15:18:08:093  DevID:MV-CS016-10UC(DA1351666)  Source-Line:libMvCameraControl.so(U3VDevice.cpp-L1078)  ProcessName:main(19996)     Description:[OpenDevice]Invalidate Nodes success
Info    2025-10-08 15:18:08:094  DevID:MV-CS016-10UC(DA1351666)  Source-Line:libMvCameraControl.so(U3VDevice.cpp-L1896)  ProcessName:main(19996)     Description:[GetDeviceBasicInfo]Device serial number: DA1351666
Info    2025-10-08 15:18:08:094  DevID:MV-CS016-10UC(DA1351666)  Source-Line:libMvCameraControl.so(U3VDevice.cpp-L1918)  ProcessName:main(19996)     Description:[GetDeviceBasicInfo]Device model name: MV-CS016-10UC
Warning 2025-10-08 15:18:08:095  DevID:MV-CS016-10UC(DA1351666)  Source-Line:libMvCameraControl.so(U3VDevice.cpp-L1941)  ProcessName:main(19996)     Description:[GetDeviceBasicInfo]Device not support algorithm ability!
Info    2025-10-08 15:18:08:095  DevID:MV-CS016-10UC(DA1351666)  Source-Line:libMvCameraControl.so(StreamGrab.cpp-L0232)  ProcessName:main(19996)     Description:[Open]Stream channel[0] opened
Info    2025-10-08 15:18:08:095  DevID:MV-CS016-10UC(DA1351666)  Source-Line:libMvCameraControl.so(U3VDevice.cpp-L1096)  ProcessName:main(19996)     Description:[OpenDevice]Open device success! PrivilegeMode[1], SwitchoverKey[0], DeviceUptime[1802],DeviceFirmwareVersion[V2.1.3 2307041057928 23062901]
Info    2025-10-08 15:18:08:095  DevID:MV-CS016-10UC(DA1351666)  Source-Line:libMvCameraControl.so(U3VDevice.cpp-L1104)  ProcessName:main(19996)     Description:[OpenDevice]OpenDevice, cost time 744.000000ms 
Info    2025-10-08 15:18:08:095  DevID:  Source-Line:libMvCameraControl.so(GenICamImpl.cpp-L2206)  ProcessName:main(19996)     Description:[RecordThread]RecordThread Start, ThreadId[840951360]
Error   2025-10-08 15:18:08:103  DevID:MV-CS016-10UC(DA1351666)  Source-Line:libMvCameraControl.so(XmlParse.cpp-L2966)  ProcessName:main(19996)     Description:[SetFloatValue]Set Node Value, NodeName[Gain], OutOfRangeException[Value 20.000000 must be smaller than or equal 16.980700. : OutOfRangeException thrown in node 'Gain' while calling 'Gain.SetValue()' (file 'FloatT.h', line 85)]
Error   2025-10-08 15:18:08:103  DevID:MV-CS016-10UC(DA1351666)  Source-Line:libMvCameraControl.so(GenICamImpl.cpp-L0512)  ProcessName:main(19996)     Description:[SetFloatValue]Property[Gain],  Value[20.000000], Ret[0x80000102]
Error   2025-10-08 15:18:08:111  DevID:MV-CS016-10UC(DA1351666)  Source-Line:libMvCameraControl.so(GenICamImpl.cpp-L0975)  ProcessName:main(19996)     Description:[XML_GetNodeAccessMode]PropertyName[PartialImageOutputMode], Ret[0x80000100]
Error   2025-10-08 15:18:08:111  DevID:MV-CS016-10UC(DA1351666)  Source-Line:libMvCameraControl.so(GenICamImpl.cpp-L0975)  ProcessName:main(19996)     Description:[XML_GetNodeAccessMode]PropertyName[ReadoutFot], Ret[0x80000100]
Error   2025-10-08 15:18:08:111  DevID:MV-CS016-10UC(DA1351666)  Source-Line:libMvCameraControl.so(GenICamImpl.cpp-L0975)  ProcessName:main(19996)     Description:[XML_GetNodeAccessMode]PropertyName[SeqExpEnable], Ret[0x80000100]
Error   2025-10-08 15:18:08:111  DevID:MV-CS016-10UC(DA1351666)  Source-Line:libMvCameraControl.so(GenICamImpl.cpp-L0975)  ProcessName:main(19996)     Description:[XML_GetNodeAccessMode]PropertyName[MultiLightControl], Ret[0x80000100]
Info    2025-10-08 15:18:08:111  DevID:MV-CS016-10UC(DA1351666)  Source-Line:libMvCameraControl.so(U3VStream.cpp-L0052)  ProcessName:main(19996)     Description:[StartAcquisition][U3V]Start Grabbing, DeviceUptime[1802]
Info    2025-10-08 15:18:08:132  DevID:MV-CS016-10UC(DA1351666)  Source-Line:libMvCameraControl.so(GenICamImpl.cpp-L2237)  ProcessName:main(19996)     Description:[RecordThreadProc][Record] Get BlackLevel value [240]
Info    2025-10-08 15:18:08:132  DevID:MV-CS016-10UC(DA1351666)  Source-Line:libMvCameraControl.so(StreamGrab.cpp-L0852)  ProcessName:main(19996)     Description:[StartGrabbing]StreamChannel[0], Start grabbing success, There is no registration callback.
Info    2025-10-08 15:18:08:134  DevID:MV-CS016-10UC(DA1351666)  Source-Line:libMvCameraControl.so(GenICamImpl.cpp-L2259)  ProcessName:main(19996)     Description:[RecordThreadProc][Record] Get BalanceWhiteAuto Value [1] (0:off 1:contineu; 2:once):
Info    2025-10-08 15:18:08:135  DevID:MV-CS016-10UC(DA1351666)  Source-Line:libMvCameraControl.so(GenICamImpl.cpp-L2325)  ProcessName:main(19996)     Description:[RecordThreadProc][Record] Get ExposureAuto value [0]
Info    2025-10-08 15:18:08:138  DevID:MV-CS016-10UC(DA1351666)  Source-Line:libMvCameraControl.so(GenICamImpl.cpp-L2347)  ProcessName:main(19996)     Description:[RecordThreadProc][Record] Get ExposureTime value [5000.000000] 
Info    2025-10-08 15:18:08:139  DevID:MV-CS016-10UC(DA1351666)  Source-Line:libMvCameraControl.so(GenICamImpl.cpp-L2368)  ProcessName:main(19996)     Description:[RecordThreadProc][Record] Get GainAuto value [0] (0:off 1:contineu; 2:once):
Info    2025-10-08 15:18:08:141  DevID:MV-CS016-10UC(DA1351666)  Source-Line:libMvCameraControl.so(GenICamImpl.cpp-L2389)  ProcessName:main(19996)     Description:[RecordThreadProc][Record] Get Gain value [16.980700] 
Info    2025-10-08 15:18:08:141  DevID:MV-CS016-10UC(DA1351666)  Source-Line:libMvCameraControl.so(GenICamImpl.cpp-L2410)  ProcessName:main(19996)     Description:[RecordThreadProc][Record] Get PixelFormat value [17301513] :
Info    2025-10-08 15:18:08:145  DevID:MV-CS016-10UC(DA1351666)  Source-Line:libMvCameraControl.so(GenICamImpl.cpp-L2473)  ProcessName:main(19996)     Description:[RecordThreadProc][Record] Get UserSetCurrent value [1]
Info    2025-10-08 15:18:08:146  DevID:MV-CS016-10UC(DA1351666)  Source-Line:libMvCameraControl.so(GenICamImpl.cpp-L2494)  ProcessName:main(19996)     Description:[RecordThreadProc][Record] Get UserSetSelector value [1] 
Info    2025-10-08 15:18:08:147  DevID:MV-CS016-10UC(DA1351666)  Source-Line:libMvCameraControl.so(GenICamImpl.cpp-L2515)  ProcessName:main(19996)     Description:[RecordThreadProc][Record] Get UserSetDefault value[1]
Info    2025-10-08 15:18:08:147  DevID:  Source-Line:libMvCameraControl.so(GenICamImpl.cpp-L2211)  ProcessName:main(19996)     Description:[RecordThread]RecordThread End, ThreadId[840951360]
Warning 2025-10-08 15:18:09:486  DevID:MV-CS016-10UC(DA1351666)  Source-Line:libMvCameraControl.so(StreamGrab.cpp-L1062)  ProcessName:main(19996)     Description:[GetImageBuffer]StreamChannel[0], Get image failed! Msec[100], Ret[0x80000007]
Warning 2025-10-08 15:18:09:594  DevID:MV-CS016-10UC(DA1351666)  Source-Line:libMvCameraControl.so(StreamGrab.cpp-L1062)  ProcessName:main(19996)     Description:[GetImageBuffer]StreamChannel[0], Get image failed! Msec[100], Ret[0x80000007]
Warning 2025-10-08 15:18:09:705  DevID:MV-CS016-10UC(DA1351666)  Source-Line:libMvCameraControl.so(StreamGrab.cpp-L1062)  ProcessName:main(19996)     Description:[GetImageBuffer]StreamChannel[0], Get image failed! Msec[100], Ret[0x80000007]
Warning 2025-10-08 15:18:09:814  DevID:MV-CS016-10UC(DA1351666)  Source-Line:libMvCameraControl.so(StreamGrab.cpp-L1062)  ProcessName:main(19996)     Description:[GetImageBuffer]StreamChannel[0], Get image failed! Msec[100], Ret[0x80000007]
Warning 2025-10-08 15:18:09:924  DevID:MV-CS016-10UC(DA1351666)  Source-Line:libMvCameraControl.so(StreamGrab.cpp-L1062)  ProcessName:main(19996)     Description:[GetImageBuffer]StreamChannel[0], Get image failed! Msec[100], Ret[0x80000007]
Warning 2025-10-08 15:18:10:032  DevID:MV-CS016-10UC(DA1351666)  Source-Line:libMvCameraControl.so(StreamGrab.cpp-L1062)  ProcessName:main(19996)     Description:[GetImageBuffer]StreamChannel[0], Get image failed! Msec[100], Ret[0x80000007]
Warning 2025-10-08 15:18:10:142  DevID:MV-CS016-10UC(DA1351666)  Source-Line:libMvCameraControl.so(StreamGrab.cpp-L1062)  ProcessName:main(19996)     Description:[GetImageBuffer]StreamChannel[0], Get image failed! Msec[100], Ret[0x80000007]
Warning 2025-10-08 15:18:10:252  DevID:MV-CS016-10UC(DA1351666)  Source-Line:libMvCameraControl.so(StreamGrab.cpp-L1062)  ProcessName:main(19996)     Description:[GetImageBuffer]StreamChannel[0], Get image failed! Msec[100], Ret[0x80000007]
Warning 2025-10-08 15:18:10:360  DevID:MV-CS016-10UC(DA1351666)  Source-Line:libMvCameraControl.so(StreamGrab.cpp-L1062)  ProcessName:main(19996)     Description:[GetImageBuffer]StreamChannel[0], Get image failed! Msec[100], Ret[0x80000007]
Warning 2025-10-08 15:18:11:494  DevID:MV-CS016-10UC(DA1351666)  Source-Line:libMvCameraControl.so(StreamGrab.cpp-L1062)  ProcessName:main(19996)     Description:[GetImageBuffer]StreamChannel[0], Get image failed! Msec[100], Ret[0x80000007]
Warning 2025-10-08 15:18:11:602  DevID:MV-CS016-10UC(DA1351666)  Source-Line:libMvCameraControl.so(StreamGrab.cpp-L1062)  ProcessName:main(19996)     Description:[GetImageBuffer]StreamChannel[0], Get image failed! Msec[100], Ret[0x80000007]
Warning 2025-10-08 15:18:11:712  DevID:MV-CS016-10UC(DA1351666)  Source-Line:libMvCameraControl.so(StreamGrab.cpp-L1062)  ProcessName:main(19996)     Description:[GetImageBuffer]StreamChannel[0], Get image failed! Msec[100], Ret[0x80000007]
Warning 2025-10-08 15:18:11:821  DevID:MV-CS016-10UC(DA1351666)  Source-Line:libMvCameraControl.so(StreamGrab.cpp-L1062)  ProcessName:main(19996)     Description:[GetImageBuffer]StreamChannel[0], Get image failed! Msec[100], Ret[0x80000007]
Warning 2025-10-08 15:18:11:929  DevID:MV-CS016-10UC(DA1351666)  Source-Line:libMvCameraControl.so(StreamGrab.cpp-L1062)  ProcessName:main(19996)     Description:[GetImageBuffer]StreamChannel[0], Get image failed! Msec[100], Ret[0x80000007]
Warning 2025-10-08 15:18:12:039  DevID:MV-CS016-10UC(DA1351666)  Source-Line:libMvCameraControl.so(StreamGrab.cpp-L1062)  ProcessName:main(19996)     Description:[GetImageBuffer]StreamChannel[0], Get image failed! Msec[100], Ret[0x80000007]
Warning 2025-10-08 15:18:12:150  DevID:MV-CS016-10UC(DA1351666)  Source-Line:libMvCameraControl.so(StreamGrab.cpp-L1062)  ProcessName:main(19996)     Description:[GetImageBuffer]StreamChannel[0], Get image failed! Msec[100], Ret[0x80000007]
Warning 2025-10-08 15:18:12:260  DevID:MV-CS016-10UC(DA1351666)  Source-Line:libMvCameraControl.so(StreamGrab.cpp-L1062)  ProcessName:main(19996)     Description:[GetImageBuffer]StreamChannel[0], Get image failed! Msec[100], Ret[0x80000007]
Warning 2025-10-08 15:18:12:369  DevID:MV-CS016-10UC(DA1351666)  Source-Line:libMvCameraControl.so(StreamGrab.cpp-L1062)  ProcessName:main(19996)     Description:[GetImageBuffer]StreamChannel[0], Get image failed! Msec[100], Ret[0x80000007]
Warning 2025-10-08 15:18:15:595  DevID:MV-CS016-10UC(DA1351666)  Source-Line:libMvCameraControl.so(StreamGrab.cpp-L1062)  ProcessName:main(19996)     Description:[GetImageBuffer]StreamChannel[0], Get image failed! Msec[100], Ret[0x80000007]
Warning 2025-10-08 15:18:15:705  DevID:MV-CS016-10UC(DA1351666)  Source-Line:libMvCameraControl.so(StreamGrab.cpp-L1062)  ProcessName:main(19996)     Description:[GetImageBuffer]StreamChannel[0], Get image failed! Msec[100], Ret[0x80000007]
Warning 2025-10-08 15:18:15:815  DevID:MV-CS016-10UC(DA1351666)  Source-Line:libMvCameraControl.so(StreamGrab.cpp-L1062)  ProcessName:main(19996)     Description:[GetImageBuffer]StreamChannel[0], Get image failed! Msec[100], Ret[0x80000007]
Warning 2025-10-08 15:18:15:924  DevID:MV-CS016-10UC(DA1351666)  Source-Line:libMvCameraControl.so(StreamGrab.cpp-L1062)  ProcessName:main(19996)     Description:[GetImageBuffer]StreamChannel[0], Get image failed! Msec[100], Ret[0x80000007]
Warning 2025-10-08 15:18:16:033  DevID:MV-CS016-10UC(DA1351666)  Source-Line:libMvCameraControl.so(StreamGrab.cpp-L1062)  ProcessName:main(19996)     Description:[GetImageBuffer]StreamChannel[0], Get image failed! Msec[100], Ret[0x80000007]
Warning 2025-10-08 15:18:16:142  DevID:MV-CS016-10UC(DA1351666)  Source-Line:libMvCameraControl.so(StreamGrab.cpp-L1062)  ProcessName:main(19996)     Description:[GetImageBuffer]StreamChannel[0], Get image failed! Msec[100], Ret[0x80000007]
Warning 2025-10-08 15:18:16:252  DevID:MV-CS016-10UC(DA1351666)  Source-Line:libMvCameraControl.so(StreamGrab.cpp-L1062)  ProcessName:main(19996)     Description:[GetImageBuffer]StreamChannel[0], Get image failed! Msec[100], Ret[0x80000007]
Warning 2025-10-08 15:18:16:361  DevID:MV-CS016-10UC(DA1351666)  Source-Line:libMvCameraControl.so(StreamGrab.cpp-L1062)  ProcessName:main(19996)     Description:[GetImageBuffer]StreamChannel[0], Get image failed! Msec[100], Ret[0x80000007]
Warning 2025-10-08 15:18:16:469  DevID:MV-CS016-10UC(DA1351666)  Source-Line:libMvCameraControl.so(StreamGrab.cpp-L1062)  ProcessName:main(19996)     Description:[GetImageBuffer]StreamChannel[0], Get image failed! Msec[100], Ret[0x80000007]
Warning 2025-10-08 15:18:17:887  DevID:MV-CS016-10UC(DA1351666)  Source-Line:libMvCameraControl.so(StreamGrab.cpp-L1062)  ProcessName:main(19996)     Description:[GetImageBuffer]StreamChannel[0], Get image failed! Msec[100], Ret[0x80000007]
Warning 2025-10-08 15:18:17:995  DevID:MV-CS016-10UC(DA1351666)  Source-Line:libMvCameraControl.so(StreamGrab.cpp-L1062)  ProcessName:main(19996)     Description:[GetImageBuffer]StreamChannel[0], Get image failed! Msec[100], Ret[0x80000007]
Warning 2025-10-08 15:18:18:105  DevID:MV-CS016-10UC(DA1351666)  Source-Line:libMvCameraControl.so(StreamGrab.cpp-L1062)  ProcessName:main(19996)     Description:[GetImageBuffer]StreamChannel[0], Get image failed! Msec[100], Ret[0x80000007]
Warning 2025-10-08 15:18:18:215  DevID:MV-CS016-10UC(DA1351666)  Source-Line:libMvCameraControl.so(StreamGrab.cpp-L1062)  ProcessName:main(19996)     Description:[GetImageBuffer]StreamChannel[0], Get image failed! Msec[100], Ret[0x80000007]
Warning 2025-10-08 15:18:18:324  DevID:MV-CS016-10UC(DA1351666)  Source-Line:libMvCameraControl.so(StreamGrab.cpp-L1062)  ProcessName:main(19996)     Description:[GetImageBuffer]StreamChannel[0], Get image failed! Msec[100], Ret[0x80000007]
Warning 2025-10-08 15:18:18:435  DevID:MV-CS016-10UC(DA1351666)  Source-Line:libMvCameraControl.so(StreamGrab.cpp-L1062)  ProcessName:main(19996)     Description:[GetImageBuffer]StreamChannel[0], Get image failed! Msec[100], Ret[0x80000007]
Warning 2025-10-08 15:18:18:543  DevID:MV-CS016-10UC(DA1351666)  Source-Line:libMvCameraControl.so(StreamGrab.cpp-L1062)  ProcessName:main(19996)     Description:[GetImageBuffer]StreamChannel[0], Get image failed! Msec[100], Ret[0x80000007]
Warning 2025-10-08 15:18:18:652  DevID:MV-CS016-10UC(DA1351666)  Source-Line:libMvCameraControl.so(StreamGrab.cpp-L1062)  ProcessName:main(19996)     Description:[GetImageBuffer]StreamChannel[0], Get image failed! Msec[100], Ret[0x80000007]
Warning 2025-10-08 15:18:18:760  DevID:MV-CS016-10UC(DA1351666)  Source-Line:libMvCameraControl.so(StreamGrab.cpp-L1062)  ProcessName:main(19996)     Description:[GetImageBuffer]StreamChannel[0], Get image failed! Msec[100], Ret[0x80000007]
Warning 2025-10-08 15:18:22:020  DevID:MV-CS016-10UC(DA1351666)  Source-Line:libMvCameraControl.so(StreamGrab.cpp-L1062)  ProcessName:main(19996)     Description:[GetImageBuffer]StreamChannel[0], Get image failed! Msec[100], Ret[0x80000007]
Warning 2025-10-08 15:18:22:129  DevID:MV-CS016-10UC(DA1351666)  Source-Line:libMvCameraControl.so(StreamGrab.cpp-L1062)  ProcessName:main(19996)     Description:[GetImageBuffer]StreamChannel[0], Get image failed! Msec[100], Ret[0x80000007]
Warning 2025-10-08 15:18:22:240  DevID:MV-CS016-10UC(DA1351666)  Source-Line:libMvCameraControl.so(StreamGrab.cpp-L1062)  ProcessName:main(19996)     Description:[GetImageBuffer]StreamChannel[0], Get image failed! Msec[100], Ret[0x80000007]
Warning 2025-10-08 15:18:22:350  DevID:MV-CS016-10UC(DA1351666)  Source-Line:libMvCameraControl.so(StreamGrab.cpp-L1062)  ProcessName:main(19996)     Description:[GetImageBuffer]StreamChannel[0], Get image failed! Msec[100], Ret[0x80000007]
Warning 2025-10-08 15:18:22:455  DevID:MV-CS016-10UC(DA1351666)  Source-Line:libMvCameraControl.so(StreamGrab.cpp-L1062)  ProcessName:main(19996)     Description:[GetImageBuffer]StreamChannel[0], Get image failed! Msec[100], Ret[0x80000007]
Warning 2025-10-08 15:18:22:570  DevID:MV-CS016-10UC(DA1351666)  Source-Line:libMvCameraControl.so(StreamGrab.cpp-L1062)  ProcessName:main(19996)     Description:[GetImageBuffer]StreamChannel[0], Get image failed! Msec[100], Ret[0x80000007]
Warning 2025-10-08 15:18:22:679  DevID:MV-CS016-10UC(DA1351666)  Source-Line:libMvCameraControl.so(StreamGrab.cpp-L1062)  ProcessName:main(19996)     Description:[GetImageBuffer]StreamChannel[0], Get image failed! Msec[100], Ret[0x80000007]
Warning 2025-10-08 15:18:22:789  DevID:MV-CS016-10UC(DA1351666)  Source-Line:libMvCameraControl.so(StreamGrab.cpp-L1062)  ProcessName:main(19996)     Description:[GetImageBuffer]StreamChannel[0], Get image failed! Msec[100], Ret[0x80000007]
Warning 2025-10-08 15:18:22:899  DevID:MV-CS016-10UC(DA1351666)  Source-Line:libMvCameraControl.so(StreamGrab.cpp-L1062)  ProcessName:main(19996)     Description:[GetImageBuffer]StreamChannel[0], Get image failed! Msec[100], Ret[0x80000007]
Warning 2025-10-08 15:18:25:400  DevID:MV-CS016-10UC(DA1351666)  Source-Line:libMvCameraControl.so(StreamGrab.cpp-L1062)  ProcessName:main(19996)     Description:[GetImageBuffer]StreamChannel[0], Get image failed! Msec[100], Ret[0x80000007]
Warning 2025-10-08 15:18:25:510  DevID:MV-CS016-10UC(DA1351666)  Source-Line:libMvCameraControl.so(StreamGrab.cpp-L1062)  ProcessName:main(19996)     Description:[GetImageBuffer]StreamChannel[0], Get image failed! Msec[100], Ret[0x80000007]
Warning 2025-10-08 15:18:25:619  DevID:MV-CS016-10UC(DA1351666)  Source-Line:libMvCameraControl.so(StreamGrab.cpp-L1062)  ProcessName:main(19996)     Description:[GetImageBuffer]StreamChannel[0], Get image failed! Msec[100], Ret[0x80000007]
Warning 2025-10-08 15:18:25:728  DevID:MV-CS016-10UC(DA1351666)  Source-Line:libMvCameraControl.so(StreamGrab.cpp-L1062)  ProcessName:main(19996)     Description:[GetImageBuffer]StreamChannel[0], Get image failed! Msec[100], Ret[0x80000007]
Warning 2025-10-08 15:18:25:832  DevID:MV-CS016-10UC(DA1351666)  Source-Line:libMvCameraControl.so(StreamGrab.cpp-L1062)  ProcessName:main(19996)     Description:[GetImageBuffer]StreamChannel[0], Get image failed! Msec[100], Ret[0x80000007]
Warning 2025-10-08 15:18:25:933  DevID:MV-CS016-10UC(DA1351666)  Source-Line:libMvCameraControl.so(StreamGrab.cpp-L1062)  ProcessName:main(19996)     Description:[GetImageBuffer]StreamChannel[0], Get image failed! Msec[100], Ret[0x80000007]
Warning 2025-10-08 15:18:26:041  DevID:MV-CS016-10UC(DA1351666)  Source-Line:libMvCameraControl.so(StreamGrab.cpp-L1062)  ProcessName:main(19996)     Description:[GetImageBuffer]StreamChannel[0], Get image failed! Msec[100], Ret[0x80000007]
Warning 2025-10-08 15:18:26:150  DevID:MV-CS016-10UC(DA1351666)  Source-Line:libMvCameraControl.so(StreamGrab.cpp-L1062)  ProcessName:main(19996)     Description:[GetImageBuffer]StreamChannel[0], Get image failed! Msec[100], Ret[0x80000007]
Warning 2025-10-08 15:18:26:259  DevID:MV-CS016-10UC(DA1351666)  Source-Line:libMvCameraControl.so(StreamGrab.cpp-L1062)  ProcessName:main(19996)     Description:[GetImageBuffer]StreamChannel[0], Get image failed! Msec[100], Ret[0x80000007]
Warning 2025-10-08 15:18:26:370  DevID:MV-CS016-10UC(DA1351666)  Source-Line:libMvCameraControl.so(StreamGrab.cpp-L1062)  ProcessName:main(19996)     Description:[GetImageBuffer]StreamChannel[0], Get image failed! Msec[100], Ret[0x80000007]
Warning 2025-10-08 15:18:26:475  DevID:MV-CS016-10UC(DA1351666)  Source-Line:libMvCameraControl.so(StreamGrab.cpp-L1062)  ProcessName:main(19996)     Description:[GetImageBuffer]StreamChannel[0], Get image failed! Msec[100], Ret[0x80000007]
Warning 2025-10-08 15:18:26:587  DevID:MV-CS016-10UC(DA1351666)  Source-Line:libMvCameraControl.so(StreamGrab.cpp-L1062)  ProcessName:main(19996)     Description:[GetImageBuffer]StreamChannel[0], Get image failed! Msec[100], Ret[0x80000007]
Warning 2025-10-08 15:18:26:694  DevID:MV-CS016-10UC(DA1351666)  Source-Line:libMvCameraControl.so(StreamGrab.cpp-L1062)  ProcessName:main(19996)     Description:[GetImageBuffer]StreamChannel[0], Get image failed! Msec[100], Ret[0x80000007]
Warning 2025-10-08 15:18:26:805  DevID:MV-CS016-10UC(DA1351666)  Source-Line:libMvCameraControl.so(StreamGrab.cpp-L1062)  ProcessName:main(19996)     Description:[GetImageBuffer]StreamChannel[0], Get image failed! Msec[100], Ret[0x80000007]
Warning 2025-10-08 15:18:26:914  DevID:MV-CS016-10UC(DA1351666)  Source-Line:libMvCameraControl.so(StreamGrab.cpp-L1062)  ProcessName:main(19996)     Description:[GetImageBuffer]StreamChannel[0], Get image failed! Msec[100], Ret[0x80000007]
Warning 2025-10-08 15:18:27:015  DevID:MV-CS016-10UC(DA1351666)  Source-Line:libMvCameraControl.so(StreamGrab.cpp-L1062)  ProcessName:main(19996)     Description:[GetImageBuffer]StreamChannel[0], Get image failed! Msec[100], Ret[0x80000007]
Warning 2025-10-08 15:18:27:117  DevID:MV-CS016-10UC(DA1351666)  Source-Line:libMvCameraControl.so(StreamGrab.cpp-L1062)  ProcessName:main(19996)     Description:[GetImageBuffer]StreamChannel[0], Get image failed! Msec[100], Ret[0x80000007]
Warning 2025-10-08 15:18:27:226  DevID:MV-CS016-10UC(DA1351666)  Source-Line:libMvCameraControl.so(StreamGrab.cpp-L1062)  ProcessName:main(19996)     Description:[GetImageBuffer]StreamChannel[0], Get image failed! Msec[100], Ret[0x80000007]
Warning 2025-10-08 15:18:29:162  DevID:MV-CS016-10UC(DA1351666)  Source-Line:libMvCameraControl.so(StreamGrab.cpp-L1062)  ProcessName:main(19996)     Description:[GetImageBuffer]StreamChannel[0], Get image failed! Msec[100], Ret[0x80000007]
Warning 2025-10-08 15:18:29:267  DevID:MV-CS016-10UC(DA1351666)  Source-Line:libMvCameraControl.so(StreamGrab.cpp-L1062)  ProcessName:main(19996)     Description:[GetImageBuffer]StreamChannel[0], Get image failed! Msec[100], Ret[0x80000007]
Warning 2025-10-08 15:18:29:369  DevID:MV-CS016-10UC(DA1351666)  Source-Line:libMvCameraControl.so(StreamGrab.cpp-L1062)  ProcessName:main(19996)     Description:[GetImageBuffer]StreamChannel[0], Get image failed! Msec[100], Ret[0x80000007]
Warning 2025-10-08 15:18:29:470  DevID:MV-CS016-10UC(DA1351666)  Source-Line:libMvCameraControl.so(StreamGrab.cpp-L1062)  ProcessName:main(19996)     Description:[GetImageBuffer]StreamChannel[0], Get image failed! Msec[100], Ret[0x80000007]
Warning 2025-10-08 15:18:29:571  DevID:MV-CS016-10UC(DA1351666)  Source-Line:libMvCameraControl.so(StreamGrab.cpp-L1062)  ProcessName:main(19996)     Description:[GetImageBuffer]StreamChannel[0], Get image failed! Msec[100], Ret[0x80000007]
Warning 2025-10-08 15:18:29:677  DevID:MV-CS016-10UC(DA1351666)  Source-Line:libMvCameraControl.so(StreamGrab.cpp-L1062)  ProcessName:main(19996)     Description:[GetImageBuffer]StreamChannel[0], Get image failed! Msec[100], Ret[0x80000007]
Warning 2025-10-08 15:18:29:786  DevID:MV-CS016-10UC(DA1351666)  Source-Line:libMvCameraControl.so(StreamGrab.cpp-L1062)  ProcessName:main(19996)     Description:[GetImageBuffer]StreamChannel[0], Get image failed! Msec[100], Ret[0x80000007]
Warning 2025-10-08 15:18:29:896  DevID:MV-CS016-10UC(DA1351666)  Source-Line:libMvCameraControl.so(StreamGrab.cpp-L1062)  ProcessName:main(19996)     Description:[GetImageBuffer]StreamChannel[0], Get image failed! Msec[100], Ret[0x80000007]
Warning 2025-10-08 15:18:30:006  DevID:MV-CS016-10UC(DA1351666)  Source-Line:libMvCameraControl.so(StreamGrab.cpp-L1062)  ProcessName:main(19996)     Description:[GetImageBuffer]StreamChannel[0], Get image failed! Msec[100], Ret[0x80000007]
Warning 2025-10-08 15:18:30:426  DevID:MV-CS016-10UC(DA1351666)  Source-Line:libMvCameraControl.so(StreamGrab.cpp-L1062)  ProcessName:main(19996)     Description:[GetImageBuffer]StreamChannel[0], Get image failed! Msec[100], Ret[0x80000007]
Warning 2025-10-08 15:18:30:535  DevID:MV-CS016-10UC(DA1351666)  Source-Line:libMvCameraControl.so(StreamGrab.cpp-L1062)  ProcessName:main(19996)     Description:[GetImageBuffer]StreamChannel[0], Get image failed! Msec[100], Ret[0x80000007]
Warning 2025-10-08 15:18:30:645  DevID:MV-CS016-10UC(DA1351666)  Source-Line:libMvCameraControl.so(StreamGrab.cpp-L1062)  ProcessName:main(19996)     Description:[GetImageBuffer]StreamChannel[0], Get image failed! Msec[100], Ret[0x80000007]
Warning 2025-10-08 15:18:30:755  DevID:MV-CS016-10UC(DA1351666)  Source-Line:libMvCameraControl.so(StreamGrab.cpp-L1062)  ProcessName:main(19996)     Description:[GetImageBuffer]StreamChannel[0], Get image failed! Msec[100], Ret[0x80000007]
Warning 2025-10-08 15:18:31:509  DevID:MV-CS016-10UC(DA1351666)  Source-Line:libMvCameraControl.so(StreamGrab.cpp-L1062)  ProcessName:main(19996)     Description:[GetImageBuffer]StreamChannel[0], Get image failed! Msec[100], Ret[0x80000007]
Warning 2025-10-08 15:18:31:613  DevID:MV-CS016-10UC(DA1351666)  Source-Line:libMvCameraControl.so(StreamGrab.cpp-L1062)  ProcessName:main(19996)     Description:[GetImageBuffer]StreamChannel[0], Get image failed! Msec[100], Ret[0x80000007]
Warning 2025-10-08 15:18:31:717  DevID:MV-CS016-10UC(DA1351666)  Source-Line:libMvCameraControl.so(StreamGrab.cpp-L1062)  ProcessName:main(19996)     Description:[GetImageBuffer]StreamChannel[0], Get image failed! Msec[100], Ret[0x80000007]
Warning 2025-10-08 15:18:31:819  DevID:MV-CS016-10UC(DA1351666)  Source-Line:libMvCameraControl.so(StreamGrab.cpp-L1062)  ProcessName:main(19996)     Description:[GetImageBuffer]StreamChannel[0], Get image failed! Msec[100], Ret[0x80000007]
Warning 2025-10-08 15:18:31:921  DevID:MV-CS016-10UC(DA1351666)  Source-Line:libMvCameraControl.so(StreamGrab.cpp-L1062)  ProcessName:main(19996)     Description:[GetImageBuffer]StreamChannel[0], Get image failed! Msec[100], Ret[0x80000007]
Warning 2025-10-08 15:18:32:030  DevID:MV-CS016-10UC(DA1351666)  Source-Line:libMvCameraControl.so(StreamGrab.cpp-L1062)  ProcessName:main(19996)     Description:[GetImageBuffer]StreamChannel[0], Get image failed! Msec[100], Ret[0x80000007]
Warning 2025-10-08 15:18:32:139  DevID:MV-CS016-10UC(DA1351666)  Source-Line:libMvCameraControl.so(StreamGrab.cpp-L1062)  ProcessName:main(19996)     Description:[GetImageBuffer]StreamChannel[0], Get image failed! Msec[100], Ret[0x80000007]
Warning 2025-10-08 15:18:32:247  DevID:MV-CS016-10UC(DA1351666)  Source-Line:libMvCameraControl.so(StreamGrab.cpp-L1062)  ProcessName:main(19996)     Description:[GetImageBuffer]StreamChannel[0], Get image failed! Msec[100], Ret[0x80000007]
Warning 2025-10-08 15:18:32:355  DevID:MV-CS016-10UC(DA1351666)  Source-Line:libMvCameraControl.so(StreamGrab.cpp-L1062)  ProcessName:main(19996)     Description:[GetImageBuffer]StreamChannel[0], Get image failed! Msec[100], Ret[0x80000007]
Warning 2025-10-08 15:18:32:746  DevID:MV-CS016-10UC(DA1351666)  Source-Line:libMvCameraControl.so(StreamGrab.cpp-L1062)  ProcessName:main(19996)     Description:[GetImageBuffer]StreamChannel[0], Get image failed! Msec[100], Ret[0x80000007]
Warning 2025-10-08 15:18:32:862  DevID:MV-CS016-10UC(DA1351666)  Source-Line:libMvCameraControl.so(StreamGrab.cpp-L1062)  ProcessName:main(19996)     Description:[GetImageBuffer]StreamChannel[0], Get image failed! Msec[100], Ret[0x80000007]
Warning 2025-10-08 15:18:32:966  DevID:MV-CS016-10UC(DA1351666)  Source-Line:libMvCameraControl.so(StreamGrab.cpp-L1062)  ProcessName:main(19996)     Description:[GetImageBuffer]StreamChannel[0], Get image failed! Msec[100], Ret[0x80000007]
Warning 2025-10-08 15:18:33:076  DevID:MV-CS016-10UC(DA1351666)  Source-Line:libMvCameraControl.so(StreamGrab.cpp-L1062)  ProcessName:main(19996)     Description:[GetImageBuffer]StreamChannel[0], Get image failed! Msec[100], Ret[0x80000007]
Warning 2025-10-08 15:18:33:180  DevID:MV-CS016-10UC(DA1351666)  Source-Line:libMvCameraControl.so(StreamGrab.cpp-L1062)  ProcessName:main(19996)     Description:[GetImageBuffer]StreamChannel[0], Get image failed! Msec[100], Ret[0x80000007]
Warning 2025-10-08 15:18:33:283  DevID:MV-CS016-10UC(DA1351666)  Source-Line:libMvCameraControl.so(StreamGrab.cpp-L1062)  ProcessName:main(19996)     Description:[GetImageBuffer]StreamChannel[0], Get image failed! Msec[100], Ret[0x80000007]
Warning 2025-10-08 15:18:33:387  DevID:MV-CS016-10UC(DA1351666)  Source-Line:libMvCameraControl.so(StreamGrab.cpp-L1062)  ProcessName:main(19996)     Description:[GetImageBuffer]StreamChannel[0], Get image failed! Msec[100], Ret[0x80000007]
Warning 2025-10-08 15:18:33:495  DevID:MV-CS016-10UC(DA1351666)  Source-Line:libMvCameraControl.so(StreamGrab.cpp-L1062)  ProcessName:main(19996)     Description:[GetImageBuffer]StreamChannel[0], Get image failed! Msec[100], Ret[0x80000007]
Warning 2025-10-08 15:18:33:598  DevID:MV-CS016-10UC(DA1351666)  Source-Line:libMvCameraControl.so(StreamGrab.cpp-L1062)  ProcessName:main(19996)     Description:[GetImageBuffer]StreamChannel[0], Get image failed! Msec[100], Ret[0x80000007]
Warning 2025-10-08 15:18:35:489  DevID:MV-CS016-10UC(DA1351666)  Source-Line:libMvCameraControl.so(StreamGrab.cpp-L1062)  ProcessName:main(19996)     Description:[GetImageBuffer]StreamChannel[0], Get image failed! Msec[100], Ret[0x80000007]
Warning 2025-10-08 15:18:35:596  DevID:MV-CS016-10UC(DA1351666)  Source-Line:libMvCameraControl.so(StreamGrab.cpp-L1062)  ProcessName:main(19996)     Description:[GetImageBuffer]StreamChannel[0], Get image failed! Msec[100], Ret[0x80000007]
Warning 2025-10-08 15:18:35:705  DevID:MV-CS016-10UC(DA1351666)  Source-Line:libMvCameraControl.so(StreamGrab.cpp-L1062)  ProcessName:main(19996)     Description:[GetImageBuffer]StreamChannel[0], Get image failed! Msec[100], Ret[0x80000007]
Warning 2025-10-08 15:18:35:814  DevID:MV-CS016-10UC(DA1351666)  Source-Line:libMvCameraControl.so(StreamGrab.cpp-L1062)  ProcessName:main(19996)     Description:[GetImageBuffer]StreamChannel[0], Get image failed! Msec[100], Ret[0x80000007]
Warning 2025-10-08 15:18:35:924  DevID:MV-CS016-10UC(DA1351666)  Source-Line:libMvCameraControl.so(StreamGrab.cpp-L1062)  ProcessName:main(19996)     Description:[GetImageBuffer]StreamChannel[0], Get image failed! Msec[100], Ret[0x80000007]
Warning 2025-10-08 15:18:36:033  DevID:MV-CS016-10UC(DA1351666)  Source-Line:libMvCameraControl.so(StreamGrab.cpp-L1062)  ProcessName:main(19996)     Description:[GetImageBuffer]StreamChannel[0], Get image failed! Msec[100], Ret[0x80000007]
Warning 2025-10-08 15:18:36:143  DevID:MV-CS016-10UC(DA1351666)  Source-Line:libMvCameraControl.so(StreamGrab.cpp-L1062)  ProcessName:main(19996)     Description:[GetImageBuffer]StreamChannel[0], Get image failed! Msec[100], Ret[0x80000007]
Warning 2025-10-08 15:18:36:245  DevID:MV-CS016-10UC(DA1351666)  Source-Line:libMvCameraControl.so(StreamGrab.cpp-L1062)  ProcessName:main(19996)     Description:[GetImageBuffer]StreamChannel[0], Get image failed! Msec[100], Ret[0x80000007]
Warning 2025-10-08 15:18:36:345  DevID:MV-CS016-10UC(DA1351666)  Source-Line:libMvCameraControl.so(StreamGrab.cpp-L1062)  ProcessName:main(19996)     Description:[GetImageBuffer]StreamChannel[0], Get image failed! Msec[100], Ret[0x80000007]
Warning 2025-10-08 15:18:37:298  DevID:MV-CS016-10UC(DA1351666)  Source-Line:libMvCameraControl.so(StreamGrab.cpp-L1062)  ProcessName:main(19996)     Description:[GetImageBuffer]StreamChannel[0], Get image failed! Msec[100], Ret[0x80000007]
Warning 2025-10-08 15:18:37:406  DevID:MV-CS016-10UC(DA1351666)  Source-Line:libMvCameraControl.so(StreamGrab.cpp-L1062)  ProcessName:main(19996)     Description:[GetImageBuffer]StreamChannel[0], Get image failed! Msec[100], Ret[0x80000007]
Warning 2025-10-08 15:18:37:516  DevID:MV-CS016-10UC(DA1351666)  Source-Line:libMvCameraControl.so(StreamGrab.cpp-L1062)  ProcessName:main(19996)     Description:[GetImageBuffer]StreamChannel[0], Get image failed! Msec[100], Ret[0x80000007]
Warning 2025-10-08 15:18:37:627  DevID:MV-CS016-10UC(DA1351666)  Source-Line:libMvCameraControl.so(StreamGrab.cpp-L1062)  ProcessName:main(19996)     Description:[GetImageBuffer]StreamChannel[0], Get image failed! Msec[100], Ret[0x80000007]
Warning 2025-10-08 15:18:37:737  DevID:MV-CS016-10UC(DA1351666)  Source-Line:libMvCameraControl.so(StreamGrab.cpp-L1062)  ProcessName:main(19996)     Description:[GetImageBuffer]StreamChannel[0], Get image failed! Msec[100], Ret[0x80000007]
Warning 2025-10-08 15:18:37:844  DevID:MV-CS016-10UC(DA1351666)  Source-Line:libMvCameraControl.so(StreamGrab.cpp-L1062)  ProcessName:main(19996)     Description:[GetImageBuffer]StreamChannel[0], Get image failed! Msec[100], Ret[0x80000007]
Warning 2025-10-08 15:18:37:955  DevID:MV-CS016-10UC(DA1351666)  Source-Line:libMvCameraControl.so(StreamGrab.cpp-L1062)  ProcessName:main(19996)     Description:[GetImageBuffer]StreamChannel[0], Get image failed! Msec[100], Ret[0x80000007]
Warning 2025-10-08 15:18:38:063  DevID:MV-CS016-10UC(DA1351666)  Source-Line:libMvCameraControl.so(StreamGrab.cpp-L1062)  ProcessName:main(19996)     Description:[GetImageBuffer]StreamChannel[0], Get image failed! Msec[100], Ret[0x80000007]
Warning 2025-10-08 15:18:38:172  DevID:MV-CS016-10UC(DA1351666)  Source-Line:libMvCameraControl.so(StreamGrab.cpp-L1062)  ProcessName:main(19996)     Description:[GetImageBuffer]StreamChannel[0], Get image failed! Msec[100], Ret[0x80000007]
Warning 2025-10-08 15:18:39:089  DevID:MV-CS016-10UC(DA1351666)  Source-Line:libMvCameraControl.so(StreamGrab.cpp-L1062)  ProcessName:main(19996)     Description:[GetImageBuffer]StreamChannel[0], Get image failed! Msec[100], Ret[0x80000007]
Warning 2025-10-08 15:18:39:199  DevID:MV-CS016-10UC(DA1351666)  Source-Line:libMvCameraControl.so(StreamGrab.cpp-L1062)  ProcessName:main(19996)     Description:[GetImageBuffer]StreamChannel[0], Get image failed! Msec[100], Ret[0x80000007]
Warning 2025-10-08 15:18:39:310  DevID:MV-CS016-10UC(DA1351666)  Source-Line:libMvCameraControl.so(StreamGrab.cpp-L1062)  ProcessName:main(19996)     Description:[GetImageBuffer]StreamChannel[0], Get image failed! Msec[100], Ret[0x80000007]
Warning 2025-10-08 15:18:39:421  DevID:MV-CS016-10UC(DA1351666)  Source-Line:libMvCameraControl.so(StreamGrab.cpp-L1062)  ProcessName:main(19996)     Description:[GetImageBuffer]StreamChannel[0], Get image failed! Msec[100], Ret[0x80000007]
Warning 2025-10-08 15:18:39:530  DevID:MV-CS016-10UC(DA1351666)  Source-Line:libMvCameraControl.so(StreamGrab.cpp-L1062)  ProcessName:main(19996)     Description:[GetImageBuffer]StreamChannel[0], Get image failed! Msec[100], Ret[0x80000007]
Warning 2025-10-08 15:18:39:639  DevID:MV-CS016-10UC(DA1351666)  Source-Line:libMvCameraControl.so(StreamGrab.cpp-L1062)  ProcessName:main(19996)     Description:[GetImageBuffer]StreamChannel[0], Get image failed! Msec[100], Ret[0x80000007]
Warning 2025-10-08 15:18:39:748  DevID:MV-CS016-10UC(DA1351666)  Source-Line:libMvCameraControl.so(StreamGrab.cpp-L1062)  ProcessName:main(19996)     Description:[GetImageBuffer]StreamChannel[0], Get image failed! Msec[100], Ret[0x80000007]
Warning 2025-10-08 15:18:39:856  DevID:MV-CS016-10UC(DA1351666)  Source-Line:libMvCameraControl.so(StreamGrab.cpp-L1062)  ProcessName:main(19996)     Description:[GetImageBuffer]StreamChannel[0], Get image failed! Msec[100], Ret[0x80000007]
Warning 2025-10-08 15:18:39:966  DevID:MV-CS016-10UC(DA1351666)  Source-Line:libMvCameraControl.so(StreamGrab.cpp-L1062)  ProcessName:main(19996)     Description:[GetImageBuffer]StreamChannel[0], Get image failed! Msec[100], Ret[0x80000007]
Warning 2025-10-08 15:18:43:461  DevID:MV-CS016-10UC(DA1351666)  Source-Line:libMvCameraControl.so(StreamGrab.cpp-L1062)  ProcessName:main(19996)     Description:[GetImageBuffer]StreamChannel[0], Get image failed! Msec[100], Ret[0x80000007]
Warning 2025-10-08 15:18:43:571  DevID:MV-CS016-10UC(DA1351666)  Source-Line:libMvCameraControl.so(StreamGrab.cpp-L1062)  ProcessName:main(19996)     Description:[GetImageBuffer]StreamChannel[0], Get image failed! Msec[100], Ret[0x80000007]
Warning 2025-10-08 15:18:43:673  DevID:MV-CS016-10UC(DA1351666)  Source-Line:libMvCameraControl.so(StreamGrab.cpp-L1062)  ProcessName:main(19996)     Description:[GetImageBuffer]StreamChannel[0], Get image failed! Msec[100], Ret[0x80000007]
Warning 2025-10-08 15:18:43:777  DevID:MV-CS016-10UC(DA1351666)  Source-Line:libMvCameraControl.so(StreamGrab.cpp-L1062)  ProcessName:main(19996)     Description:[GetImageBuffer]StreamChannel[0], Get image failed! Msec[100], Ret[0x80000007]
Warning 2025-10-08 15:19:01:357  DevID:MV-CS016-10UC(DA1351666)  Source-Line:libMvCameraControl.so(StreamGrab.cpp-L1062)  ProcessName:main(19996)     Description:[GetImageBuffer]StreamChannel[0], Get image failed! Msec[100], Ret[0x80000007]
Warning 2025-10-08 15:19:01:466  DevID:MV-CS016-10UC(DA1351666)  Source-Line:libMvCameraControl.so(StreamGrab.cpp-L1062)  ProcessName:main(19996)     Description:[GetImageBuffer]StreamChannel[0], Get image failed! Msec[100], Ret[0x80000007]
Warning 2025-10-08 15:19:01:578  DevID:MV-CS016-10UC(DA1351666)  Source-Line:libMvCameraControl.so(StreamGrab.cpp-L1062)  ProcessName:main(19996)     Description:[GetImageBuffer]StreamChannel[0], Get image failed! Msec[100], Ret[0x80000007]
Warning 2025-10-08 15:19:01:687  DevID:MV-CS016-10UC(DA1351666)  Source-Line:libMvCameraControl.so(StreamGrab.cpp-L1062)  ProcessName:main(19996)     Description:[GetImageBuffer]StreamChannel[0], Get image failed! Msec[100], Ret[0x80000007]
Warning 2025-10-08 15:19:01:796  DevID:MV-CS016-10UC(DA1351666)  Source-Line:libMvCameraControl.so(StreamGrab.cpp-L1062)  ProcessName:main(19996)     Description:[GetImageBuffer]StreamChannel[0], Get image failed! Msec[100], Ret[0x80000007]
Warning 2025-10-08 15:19:01:907  DevID:MV-CS016-10UC(DA1351666)  Source-Line:libMvCameraControl.so(StreamGrab.cpp-L1062)  ProcessName:main(19996)     Description:[GetImageBuffer]StreamChannel[0], Get image failed! Msec[100], Ret[0x80000007]
Warning 2025-10-08 15:19:02:017  DevID:MV-CS016-10UC(DA1351666)  Source-Line:libMvCameraControl.so(StreamGrab.cpp-L1062)  ProcessName:main(19996)     Description:[GetImageBuffer]StreamChannel[0], Get image failed! Msec[100], Ret[0x80000007]
Warning 2025-10-08 15:19:02:125  DevID:MV-CS016-10UC(DA1351666)  Source-Line:libMvCameraControl.so(StreamGrab.cpp-L1062)  ProcessName:main(19996)     Description:[GetImageBuffer]StreamChannel[0], Get image failed! Msec[100], Ret[0x80000007]
Warning 2025-10-08 15:19:02:234  DevID:MV-CS016-10UC(DA1351666)  Source-Line:libMvCameraControl.so(StreamGrab.cpp-L1062)  ProcessName:main(19996)     Description:[GetImageBuffer]StreamChannel[0], Get image failed! Msec[100], Ret[0x80000007]
Warning 2025-10-08 15:19:04:558  DevID:MV-CS016-10UC(DA1351666)  Source-Line:libMvCameraControl.so(StreamGrab.cpp-L1062)  ProcessName:main(19996)     Description:[GetImageBuffer]StreamChannel[0], Get image failed! Msec[100], Ret[0x80000007]
Warning 2025-10-08 15:19:04:666  DevID:MV-CS016-10UC(DA1351666)  Source-Line:libMvCameraControl.so(StreamGrab.cpp-L1062)  ProcessName:main(19996)     Description:[GetImageBuffer]StreamChannel[0], Get image failed! Msec[100], Ret[0x80000007]
Warning 2025-10-08 15:19:04:774  DevID:MV-CS016-10UC(DA1351666)  Source-Line:libMvCameraControl.so(StreamGrab.cpp-L1062)  ProcessName:main(19996)     Description:[GetImageBuffer]StreamChannel[0], Get image failed! Msec[100], Ret[0x80000007]
Warning 2025-10-08 15:19:04:884  DevID:MV-CS016-10UC(DA1351666)  Source-Line:libMvCameraControl.so(StreamGrab.cpp-L1062)  ProcessName:main(19996)     Description:[GetImageBuffer]StreamChannel[0], Get image failed! Msec[100], Ret[0x80000007]
Warning 2025-10-08 15:19:04:985  DevID:MV-CS016-10UC(DA1351666)  Source-Line:libMvCameraControl.so(StreamGrab.cpp-L1062)  ProcessName:main(19996)     Description:[GetImageBuffer]StreamChannel[0], Get image failed! Msec[100], Ret[0x80000007]
Warning 2025-10-08 15:19:05:086  DevID:MV-CS016-10UC(DA1351666)  Source-Line:libMvCameraControl.so(StreamGrab.cpp-L1062)  ProcessName:main(19996)     Description:[GetImageBuffer]StreamChannel[0], Get image failed! Msec[100], Ret[0x80000007]
Warning 2025-10-08 15:19:05:198  DevID:MV-CS016-10UC(DA1351666)  Source-Line:libMvCameraControl.so(StreamGrab.cpp-L1062)  ProcessName:main(19996)     Description:[GetImageBuffer]StreamChannel[0], Get image failed! Msec[100], Ret[0x80000007]
Warning 2025-10-08 15:19:05:307  DevID:MV-CS016-10UC(DA1351666)  Source-Line:libMvCameraControl.so(StreamGrab.cpp-L1062)  ProcessName:main(19996)     Description:[GetImageBuffer]StreamChannel[0], Get image failed! Msec[100], Ret[0x80000007]
Warning 2025-10-08 15:19:05:416  DevID:MV-CS016-10UC(DA1351666)  Source-Line:libMvCameraControl.so(StreamGrab.cpp-L1062)  ProcessName:main(19996)     Description:[GetImageBuffer]StreamChannel[0], Get image failed! Msec[100], Ret[0x80000007]
Warning 2025-10-08 15:19:10:114  DevID:MV-CS016-10UC(DA1351666)  Source-Line:libMvCameraControl.so(StreamGrab.cpp-L1062)  ProcessName:main(19996)     Description:[GetImageBuffer]StreamChannel[0], Get image failed! Msec[100], Ret[0x80000007]
Warning 2025-10-08 15:19:10:222  DevID:MV-CS016-10UC(DA1351666)  Source-Line:libMvCameraControl.so(StreamGrab.cpp-L1062)  ProcessName:main(19996)     Description:[GetImageBuffer]StreamChannel[0], Get image failed! Msec[100], Ret[0x80000007]
Warning 2025-10-08 15:19:10:331  DevID:MV-CS016-10UC(DA1351666)  Source-Line:libMvCameraControl.so(StreamGrab.cpp-L1062)  ProcessName:main(19996)     Description:[GetImageBuffer]StreamChannel[0], Get image failed! Msec[100], Ret[0x80000007]
Warning 2025-10-08 15:19:10:440  DevID:MV-CS016-10UC(DA1351666)  Source-Line:libMvCameraControl.so(StreamGrab.cpp-L1062)  ProcessName:main(19996)     Description:[GetImageBuffer]StreamChannel[0], Get image failed! Msec[100], Ret[0x80000007]
Warning 2025-10-08 15:19:10:542  DevID:MV-CS016-10UC(DA1351666)  Source-Line:libMvCameraControl.so(StreamGrab.cpp-L1062)  ProcessName:main(19996)     Description:[GetImageBuffer]StreamChannel[0], Get image failed! Msec[100], Ret[0x80000007]
Warning 2025-10-08 15:19:10:646  DevID:MV-CS016-10UC(DA1351666)  Source-Line:libMvCameraControl.so(StreamGrab.cpp-L1062)  ProcessName:main(19996)     Description:[GetImageBuffer]StreamChannel[0], Get image failed! Msec[100], Ret[0x80000007]
Warning 2025-10-08 15:19:10:758  DevID:MV-CS016-10UC(DA1351666)  Source-Line:libMvCameraControl.so(StreamGrab.cpp-L1062)  ProcessName:main(19996)     Description:[GetImageBuffer]StreamChannel[0], Get image failed! Msec[100], Ret[0x80000007]
Warning 2025-10-08 15:19:10:867  DevID:MV-CS016-10UC(DA1351666)  Source-Line:libMvCameraControl.so(StreamGrab.cpp-L1062)  ProcessName:main(19996)     Description:[GetImageBuffer]StreamChannel[0], Get image failed! Msec[100], Ret[0x80000007]
Warning 2025-10-08 15:19:10:977  DevID:MV-CS016-10UC(DA1351666)  Source-Line:libMvCameraControl.so(StreamGrab.cpp-L1062)  ProcessName:main(19996)     Description:[GetImageBuffer]StreamChannel[0], Get image failed! Msec[100], Ret[0x80000007]
Warning 2025-10-08 15:19:15:747  DevID:MV-CS016-10UC(DA1351666)  Source-Line:libMvCameraControl.so(StreamGrab.cpp-L1062)  ProcessName:main(19996)     Description:[GetImageBuffer]StreamChannel[0], Get image failed! Msec[100], Ret[0x80000007]
Warning 2025-10-08 15:19:15:847  DevID:MV-CS016-10UC(DA1351666)  Source-Line:libMvCameraControl.so(StreamGrab.cpp-L1062)  ProcessName:main(19996)     Description:[GetImageBuffer]StreamChannel[0], Get image failed! Msec[100], Ret[0x80000007]
Warning 2025-10-08 15:19:15:949  DevID:MV-CS016-10UC(DA1351666)  Source-Line:libMvCameraControl.so(StreamGrab.cpp-L1062)  ProcessName:main(19996)     Description:[GetImageBuffer]StreamChannel[0], Get image failed! Msec[100], Ret[0x80000007]
Warning 2025-10-08 15:19:16:056  DevID:MV-CS016-10UC(DA1351666)  Source-Line:libMvCameraControl.so(StreamGrab.cpp-L1062)  ProcessName:main(19996)     Description:[GetImageBuffer]StreamChannel[0], Get image failed! Msec[100], Ret[0x80000007]
Warning 2025-10-08 15:19:16:167  DevID:MV-CS016-10UC(DA1351666)  Source-Line:libMvCameraControl.so(StreamGrab.cpp-L1062)  ProcessName:main(19996)     Description:[GetImageBuffer]StreamChannel[0], Get image failed! Msec[100], Ret[0x80000007]
Warning 2025-10-08 15:19:16:277  DevID:MV-CS016-10UC(DA1351666)  Source-Line:libMvCameraControl.so(StreamGrab.cpp-L1062)  ProcessName:main(19996)     Description:[GetImageBuffer]StreamChannel[0], Get image failed! Msec[100], Ret[0x80000007]
Warning 2025-10-08 15:19:16:386  DevID:MV-CS016-10UC(DA1351666)  Source-Line:libMvCameraControl.so(StreamGrab.cpp-L1062)  ProcessName:main(19996)     Description:[GetImageBuffer]StreamChannel[0], Get image failed! Msec[100], Ret[0x80000007]
Warning 2025-10-08 15:19:16:495  DevID:MV-CS016-10UC(DA1351666)  Source-Line:libMvCameraControl.so(StreamGrab.cpp-L1062)  ProcessName:main(19996)     Description:[GetImageBuffer]StreamChannel[0], Get image failed! Msec[100], Ret[0x80000007]
Warning 2025-10-08 15:19:16:604  DevID:MV-CS016-10UC(DA1351666)  Source-Line:libMvCameraControl.so(StreamGrab.cpp-L1062)  ProcessName:main(19996)     Description:[GetImageBuffer]StreamChannel[0], Get image failed! Msec[100], Ret[0x80000007]
