[2025-10-08 15:17:01.659] [info] Starting main process...
[2025-10-08 15:17:02.498] [info] Camera initialized successfully.
[2025-10-08 15:17:02.690] [info] YOLO model initialized successfully.
[2025-10-08 15:17:05.988] [warning] Failed to get image buffer, retrying...
[2025-10-08 15:17:06.089] [warning] Failed to get image buffer, retrying...
[2025-10-08 15:17:06.189] [warning] Failed to get image buffer, retrying...
[2025-10-08 15:17:06.296] [warning] Failed to get image buffer, retrying...
[2025-10-08 15:17:06.405] [warning] Failed to get image buffer, retrying...
[2025-10-08 15:17:06.515] [warning] Failed to get image buffer, retrying...
[2025-10-08 15:17:06.624] [warning] Failed to get image buffer, retrying...
[2025-10-08 15:17:06.734] [warning] Failed to get image buffer, retrying...
[2025-10-08 15:17:06.842] [warning] Failed to get image buffer, retrying...
[2025-10-08 15:17:06.912] [warning] Frame 129: Invalid point (1495.7, 488.3) (out of image bounds), skip drawing.
[2025-10-08 15:17:06.952] [warning] Frame 130: Invalid point (1501.3, 489.1) (out of image bounds), skip drawing.
[2025-10-08 15:17:06.985] [warning] Frame 131: Invalid point (1498.1, 484.4) (out of image bounds), skip drawing.
[2025-10-08 15:17:07.025] [warning] Frame 132: Invalid point (1496.1, 482.4) (out of image bounds), skip drawing.
[2025-10-08 15:17:07.061] [warning] Frame 133: Invalid point (1495.8, 484.9) (out of image bounds), skip drawing.
[2025-10-08 15:17:07.093] [warning] Frame 134: Invalid point (1499.0, 481.0) (out of image bounds), skip drawing.
[2025-10-08 15:17:07.130] [warning] Frame 135: Invalid point (1492.1, 488.0) (out of image bounds), skip drawing.
[2025-10-08 15:17:07.159] [warning] Frame 136: Invalid point (1491.5, 490.4) (out of image bounds), skip drawing.
[2025-10-08 15:17:07.192] [warning] Frame 137: Invalid point (1485.2, 490.2) (out of image bounds), skip drawing.
[2025-10-08 15:17:07.226] [warning] Frame 138: Invalid point (1481.7, 491.0) (out of image bounds), skip drawing.
[2025-10-08 15:17:07.257] [warning] Frame 139: Invalid point (1476.3, 491.7) (out of image bounds), skip drawing.
[2025-10-08 15:17:07.299] [warning] Frame 140: Invalid point (1459.7, 477.9) (out of image bounds), skip drawing.
[2025-10-08 15:17:07.333] [warning] Frame 141: Invalid point (1447.9, 452.9) (out of image bounds), skip drawing.
[2025-10-08 15:17:07.369] [warning] Frame 142: Invalid point (1449.9, 458.6) (out of image bounds), skip drawing.
[2025-10-08 15:17:07.411] [warning] Frame 143: Invalid point (1466.2, 467.4) (out of image bounds), skip drawing.
[2025-10-08 15:17:07.448] [warning] Frame 144: Invalid point (1493.4, 478.6) (out of image bounds), skip drawing.
[2025-10-08 15:17:07.482] [warning] Frame 145: Invalid point (1493.6, 479.4) (out of image bounds), skip drawing.
[2025-10-08 15:17:07.603] [warning] Failed to get image buffer, retrying...
[2025-10-08 15:17:07.704] [warning] Failed to get image buffer, retrying...
[2025-10-08 15:17:07.819] [warning] Failed to get image buffer, retrying...
[2025-10-08 15:17:07.927] [warning] Failed to get image buffer, retrying...
[2025-10-08 15:17:08.028] [warning] Failed to get image buffer, retrying...
[2025-10-08 15:17:08.130] [warning] Failed to get image buffer, retrying...
[2025-10-08 15:17:08.240] [warning] Failed to get image buffer, retrying...
[2025-10-08 15:17:08.349] [warning] Failed to get image buffer, retrying...
[2025-10-08 15:17:08.454] [warning] Failed to get image buffer, retrying...
[2025-10-08 15:17:08.951] [warning] Failed to get image buffer, retrying...
[2025-10-08 15:17:09.052] [warning] Failed to get image buffer, retrying...
[2025-10-08 15:17:09.153] [warning] Failed to get image buffer, retrying...
[2025-10-08 15:17:09.263] [warning] Failed to get image buffer, retrying...
[2025-10-08 15:17:09.372] [warning] Failed to get image buffer, retrying...
[2025-10-08 15:17:09.472] [warning] Failed to get image buffer, retrying...
[2025-10-08 15:17:09.575] [warning] Failed to get image buffer, retrying...
[2025-10-08 15:17:09.682] [warning] Failed to get image buffer, retrying...
[2025-10-08 15:17:09.791] [warning] Failed to get image buffer, retrying...
[2025-10-08 15:17:10.194] [warning] Failed to get image buffer, retrying...
[2025-10-08 15:17:10.295] [warning] Failed to get image buffer, retrying...
[2025-10-08 15:17:10.396] [warning] Failed to get image buffer, retrying...
[2025-10-08 15:17:10.505] [warning] Failed to get image buffer, retrying...
[2025-10-08 15:17:10.614] [warning] Failed to get image buffer, retrying...
[2025-10-08 15:17:10.724] [warning] Failed to get image buffer, retrying...
[2025-10-08 15:17:10.827] [warning] Failed to get image buffer, retrying...
[2025-10-08 15:17:10.928] [warning] Failed to get image buffer, retrying...
[2025-10-08 15:17:11.028] [warning] Failed to get image buffer, retrying...
[2025-10-08 15:17:11.576] [warning] Failed to get image buffer, retrying...
[2025-10-08 15:17:11.677] [warning] Failed to get image buffer, retrying...
[2025-10-08 15:17:11.779] [warning] Failed to get image buffer, retrying...
[2025-10-08 15:17:11.886] [warning] Failed to get image buffer, retrying...
[2025-10-08 15:17:11.992] [warning] Failed to get image buffer, retrying...
[2025-10-08 15:17:12.093] [warning] Failed to get image buffer, retrying...
[2025-10-08 15:17:12.193] [warning] Failed to get image buffer, retrying...
[2025-10-08 15:17:12.294] [warning] Failed to get image buffer, retrying...
[2025-10-08 15:17:12.395] [warning] Failed to get image buffer, retrying...
[2025-10-08 15:17:12.919] [warning] Failed to get image buffer, retrying...
[2025-10-08 15:17:13.020] [warning] Failed to get image buffer, retrying...
[2025-10-08 15:17:13.121] [warning] Failed to get image buffer, retrying...
[2025-10-08 15:17:13.229] [warning] Failed to get image buffer, retrying...
[2025-10-08 15:17:13.330] [warning] Failed to get image buffer, retrying...
[2025-10-08 15:17:13.431] [warning] Failed to get image buffer, retrying...
[2025-10-08 15:17:13.532] [warning] Failed to get image buffer, retrying...
[2025-10-08 15:17:13.633] [warning] Failed to get image buffer, retrying...
[2025-10-08 15:17:13.734] [warning] Failed to get image buffer, retrying...
[2025-10-08 15:17:14.957] [warning] Failed to get image buffer, retrying...
[2025-10-08 15:17:15.065] [warning] Failed to get image buffer, retrying...
[2025-10-08 15:17:15.174] [warning] Failed to get image buffer, retrying...
[2025-10-08 15:17:15.283] [warning] Failed to get image buffer, retrying...
[2025-10-08 15:17:15.392] [warning] Failed to get image buffer, retrying...
[2025-10-08 15:17:15.500] [warning] Failed to get image buffer, retrying...
[2025-10-08 15:17:15.607] [warning] Failed to get image buffer, retrying...
[2025-10-08 15:17:15.708] [warning] Failed to get image buffer, retrying...
[2025-10-08 15:17:15.809] [warning] Failed to get image buffer, retrying...
[2025-10-08 15:17:18.110] [warning] Failed to get image buffer, retrying...
[2025-10-08 15:17:18.211] [warning] Failed to get image buffer, retrying...
[2025-10-08 15:17:18.312] [warning] Failed to get image buffer, retrying...
[2025-10-08 15:17:18.413] [warning] Failed to get image buffer, retrying...
[2025-10-08 15:17:18.514] [warning] Failed to get image buffer, retrying...
[2025-10-08 15:17:18.616] [warning] Failed to get image buffer, retrying...
[2025-10-08 15:17:18.717] [warning] Failed to get image buffer, retrying...
[2025-10-08 15:17:18.819] [warning] Failed to get image buffer, retrying...
[2025-10-08 15:17:18.920] [warning] Failed to get image buffer, retrying...
[2025-10-08 15:17:19.780] [warning] Failed to get image buffer, retrying...
[2025-10-08 15:17:19.880] [warning] Failed to get image buffer, retrying...
[2025-10-08 15:17:19.981] [warning] Failed to get image buffer, retrying...
[2025-10-08 15:17:20.081] [warning] Failed to get image buffer, retrying...
[2025-10-08 15:17:20.182] [warning] Failed to get image buffer, retrying...
[2025-10-08 15:17:20.283] [warning] Failed to get image buffer, retrying...
[2025-10-08 15:17:20.384] [warning] Failed to get image buffer, retrying...
[2025-10-08 15:17:20.485] [warning] Failed to get image buffer, retrying...
[2025-10-08 15:17:20.586] [warning] Failed to get image buffer, retrying...
[2025-10-08 15:17:21.305] [warning] Failed to get image buffer, retrying...
[2025-10-08 15:17:21.406] [warning] Failed to get image buffer, retrying...
[2025-10-08 15:17:21.508] [warning] Failed to get image buffer, retrying...
[2025-10-08 15:17:21.609] [warning] Failed to get image buffer, retrying...
[2025-10-08 15:17:21.710] [warning] Failed to get image buffer, retrying...
[2025-10-08 15:17:21.811] [warning] Failed to get image buffer, retrying...
[2025-10-08 15:17:21.911] [warning] Failed to get image buffer, retrying...
[2025-10-08 15:17:22.025] [warning] Failed to get image buffer, retrying...
[2025-10-08 15:17:22.126] [warning] Failed to get image buffer, retrying...
[2025-10-08 15:17:22.598] [warning] Failed to get image buffer, retrying...
[2025-10-08 15:17:22.701] [warning] Failed to get image buffer, retrying...
[2025-10-08 15:17:22.804] [warning] Failed to get image buffer, retrying...
[2025-10-08 15:17:22.905] [warning] Failed to get image buffer, retrying...
[2025-10-08 15:17:23.006] [warning] Failed to get image buffer, retrying...
[2025-10-08 15:17:25.843] [warning] Failed to get image buffer, retrying...
[2025-10-08 15:17:25.953] [warning] Failed to get image buffer, retrying...
[2025-10-08 15:17:26.061] [warning] Failed to get image buffer, retrying...
[2025-10-08 15:17:26.171] [warning] Failed to get image buffer, retrying...
[2025-10-08 15:17:27.167] [warning] Failed to get image buffer, retrying...
[2025-10-08 15:17:27.272] [warning] Failed to get image buffer, retrying...
[2025-10-08 15:17:27.373] [warning] Failed to get image buffer, retrying...
[2025-10-08 15:17:27.473] [warning] Failed to get image buffer, retrying...
[2025-10-08 15:17:27.573] [warning] Failed to get image buffer, retrying...
[2025-10-08 15:17:27.674] [warning] Failed to get image buffer, retrying...
[2025-10-08 15:17:27.775] [warning] Failed to get image buffer, retrying...
[2025-10-08 15:17:27.877] [warning] Failed to get image buffer, retrying...
[2025-10-08 15:17:27.979] [warning] Failed to get image buffer, retrying...
[2025-10-08 15:17:28.502] [warning] Failed to get image buffer, retrying...
[2025-10-08 15:17:28.602] [warning] Failed to get image buffer, retrying...
[2025-10-08 15:17:28.703] [warning] Failed to get image buffer, retrying...
[2025-10-08 15:17:28.805] [warning] Failed to get image buffer, retrying...
[2025-10-08 15:17:28.906] [warning] Failed to get image buffer, retrying...
[2025-10-08 15:17:29.008] [warning] Failed to get image buffer, retrying...
[2025-10-08 15:17:29.109] [warning] Failed to get image buffer, retrying...
[2025-10-08 15:17:29.209] [warning] Failed to get image buffer, retrying...
[2025-10-08 15:17:29.317] [warning] Failed to get image buffer, retrying...
[2025-10-08 15:17:29.417] [warning] Failed to get image buffer, retrying...
[2025-10-08 15:17:31.342] [warning] Failed to get image buffer, retrying...
[2025-10-08 15:17:31.443] [warning] Failed to get image buffer, retrying...
[2025-10-08 15:17:31.546] [warning] Failed to get image buffer, retrying...
[2025-10-08 15:17:31.647] [warning] Failed to get image buffer, retrying...
[2025-10-08 15:17:32.264] [warning] Failed to get image buffer, retrying...
[2025-10-08 15:17:32.365] [warning] Failed to get image buffer, retrying...
[2025-10-08 15:17:32.473] [warning] Failed to get image buffer, retrying...
[2025-10-08 15:17:32.584] [warning] Failed to get image buffer, retrying...
[2025-10-08 15:17:32.692] [warning] Failed to get image buffer, retrying...
[2025-10-08 15:17:32.798] [warning] Failed to get image buffer, retrying...
[2025-10-08 15:17:32.902] [warning] Failed to get image buffer, retrying...
[2025-10-08 15:17:33.011] [warning] Failed to get image buffer, retrying...
[2025-10-08 15:17:33.126] [warning] Failed to get image buffer, retrying...
