[2025-10-08 15:14:25.040] [info] Starting main process...
[2025-10-08 15:14:26.980] [info] Camera initialized successfully.
[2025-10-08 15:14:27.216] [info] YOLO model initialized successfully.
[2025-10-08 15:14:27.430] [warning] Failed to get image buffer, retrying...
[2025-10-08 15:14:27.540] [warning] Failed to get image buffer, retrying...
[2025-10-08 15:14:27.640] [warning] Failed to get image buffer, retrying...
[2025-10-08 15:14:27.746] [warning] Failed to get image buffer, retrying...
[2025-10-08 15:14:27.855] [warning] Failed to get image buffer, retrying...
[2025-10-08 15:14:27.956] [warning] Failed to get image buffer, retrying...
[2025-10-08 15:14:28.056] [warning] Failed to get image buffer, retrying...
[2025-10-08 15:14:28.158] [warning] Failed to get image buffer, retrying...
[2025-10-08 15:14:28.402] [warning] Failed to get image buffer, retrying...
[2025-10-08 15:14:28.503] [warning] Failed to get image buffer, retrying...
[2025-10-08 15:14:28.604] [warning] Failed to get image buffer, retrying...
[2025-10-08 15:14:28.713] [warning] Failed to get image buffer, retrying...
[2025-10-08 15:14:28.822] [warning] Failed to get image buffer, retrying...
[2025-10-08 15:14:28.931] [warning] Failed to get image buffer, retrying...
[2025-10-08 15:14:29.031] [warning] Failed to get image buffer, retrying...
[2025-10-08 15:14:29.132] [warning] Failed to get image buffer, retrying...
[2025-10-08 15:14:29.240] [warning] Failed to get image buffer, retrying...
[2025-10-08 15:14:30.121] [warning] Failed to get image buffer, retrying...
[2025-10-08 15:14:30.222] [warning] Failed to get image buffer, retrying...
[2025-10-08 15:14:30.322] [warning] Failed to get image buffer, retrying...
[2025-10-08 15:14:30.423] [warning] Failed to get image buffer, retrying...
[2025-10-08 15:14:30.524] [warning] Failed to get image buffer, retrying...
[2025-10-08 15:14:30.626] [warning] Failed to get image buffer, retrying...
[2025-10-08 15:14:30.727] [warning] Failed to get image buffer, retrying...
[2025-10-08 15:14:30.835] [warning] Failed to get image buffer, retrying...
[2025-10-08 15:14:30.944] [warning] Failed to get image buffer, retrying...
[2025-10-08 15:14:31.252] [warning] Failed to get image buffer, retrying...
[2025-10-08 15:14:31.353] [warning] Failed to get image buffer, retrying...
[2025-10-08 15:14:31.453] [warning] Failed to get image buffer, retrying...
[2025-10-08 15:14:31.562] [warning] Failed to get image buffer, retrying...
[2025-10-08 15:14:31.796] [warning] Failed to get image buffer, retrying...
[2025-10-08 15:14:31.898] [warning] Failed to get image buffer, retrying...
[2025-10-08 15:14:31.998] [warning] Failed to get image buffer, retrying...
[2025-10-08 15:14:32.098] [warning] Failed to get image buffer, retrying...
[2025-10-08 15:14:32.199] [warning] Failed to get image buffer, retrying...
[2025-10-08 15:14:32.307] [warning] Failed to get image buffer, retrying...
[2025-10-08 15:14:32.408] [warning] Failed to get image buffer, retrying...
[2025-10-08 15:14:32.508] [warning] Failed to get image buffer, retrying...
[2025-10-08 15:14:32.609] [warning] Failed to get image buffer, retrying...
[2025-10-08 15:14:33.660] [warning] Failed to get image buffer, retrying...
[2025-10-08 15:14:33.763] [warning] Failed to get image buffer, retrying...
[2025-10-08 15:14:33.863] [warning] Failed to get image buffer, retrying...
[2025-10-08 15:14:33.963] [warning] Failed to get image buffer, retrying...
[2025-10-08 15:14:34.064] [warning] Failed to get image buffer, retrying...
[2025-10-08 15:14:34.165] [warning] Failed to get image buffer, retrying...
[2025-10-08 15:14:34.270] [warning] Failed to get image buffer, retrying...
[2025-10-08 15:14:34.371] [warning] Failed to get image buffer, retrying...
[2025-10-08 15:14:34.474] [warning] Failed to get image buffer, retrying...
[2025-10-08 15:14:36.311] [warning] Failed to get image buffer, retrying...
[2025-10-08 15:14:36.414] [warning] Failed to get image buffer, retrying...
[2025-10-08 15:14:36.516] [warning] Failed to get image buffer, retrying...
[2025-10-08 15:14:36.617] [warning] Failed to get image buffer, retrying...
[2025-10-08 15:14:36.718] [warning] Failed to get image buffer, retrying...
[2025-10-08 15:14:36.819] [warning] Failed to get image buffer, retrying...
[2025-10-08 15:14:36.919] [warning] Failed to get image buffer, retrying...
[2025-10-08 15:14:37.025] [warning] Failed to get image buffer, retrying...
[2025-10-08 15:14:37.126] [warning] Failed to get image buffer, retrying...
[2025-10-08 15:14:37.601] [warning] Failed to get image buffer, retrying...
[2025-10-08 15:14:37.702] [warning] Failed to get image buffer, retrying...
[2025-10-08 15:14:37.802] [warning] Failed to get image buffer, retrying...
[2025-10-08 15:14:37.911] [warning] Failed to get image buffer, retrying...
[2025-10-08 15:14:38.013] [warning] Failed to get image buffer, retrying...
[2025-10-08 15:14:42.240] [warning] Failed to get image buffer, retrying...
[2025-10-08 15:14:42.349] [warning] Failed to get image buffer, retrying...
[2025-10-08 15:14:42.458] [warning] Failed to get image buffer, retrying...
[2025-10-08 15:14:42.559] [warning] Failed to get image buffer, retrying...
[2025-10-08 15:14:43.220] [warning] Failed to get image buffer, retrying...
[2025-10-08 15:14:43.320] [warning] Failed to get image buffer, retrying...
[2025-10-08 15:14:43.421] [warning] Failed to get image buffer, retrying...
[2025-10-08 15:14:43.522] [warning] Failed to get image buffer, retrying...
[2025-10-08 15:14:43.622] [warning] Failed to get image buffer, retrying...
[2025-10-08 15:14:43.722] [warning] Failed to get image buffer, retrying...
[2025-10-08 15:14:43.824] [warning] Failed to get image buffer, retrying...
[2025-10-08 15:14:43.925] [warning] Failed to get image buffer, retrying...
[2025-10-08 15:14:44.026] [warning] Failed to get image buffer, retrying...
[2025-10-08 15:14:45.017] [warning] Failed to get image buffer, retrying...
[2025-10-08 15:14:45.126] [warning] Failed to get image buffer, retrying...
[2025-10-08 15:14:45.226] [warning] Failed to get image buffer, retrying...
[2025-10-08 15:14:45.327] [warning] Failed to get image buffer, retrying...
[2025-10-08 15:14:45.759] [warning] Failed to get image buffer, retrying...
[2025-10-08 15:14:45.861] [warning] Failed to get image buffer, retrying...
[2025-10-08 15:14:45.963] [warning] Failed to get image buffer, retrying...
[2025-10-08 15:14:46.066] [warning] Failed to get image buffer, retrying...
[2025-10-08 15:14:46.167] [warning] Failed to get image buffer, retrying...
[2025-10-08 15:14:46.945] [warning] Failed to get image buffer, retrying...
[2025-10-08 15:14:47.049] [warning] Failed to get image buffer, retrying...
[2025-10-08 15:14:47.149] [warning] Failed to get image buffer, retrying...
[2025-10-08 15:14:47.250] [warning] Failed to get image buffer, retrying...
[2025-10-08 15:14:47.351] [warning] Failed to get image buffer, retrying...
[2025-10-08 15:14:47.451] [warning] Failed to get image buffer, retrying...
[2025-10-08 15:14:47.552] [warning] Failed to get image buffer, retrying...
[2025-10-08 15:14:47.656] [warning] Failed to get image buffer, retrying...
[2025-10-08 15:14:47.757] [warning] Failed to get image buffer, retrying...
[2025-10-08 15:14:49.528] [warning] Failed to get image buffer, retrying...
[2025-10-08 15:14:49.629] [warning] Failed to get image buffer, retrying...
[2025-10-08 15:14:49.732] [warning] Failed to get image buffer, retrying...
[2025-10-08 15:14:49.833] [warning] Failed to get image buffer, retrying...
[2025-10-08 15:14:49.948] [warning] Failed to get image buffer, retrying...
[2025-10-08 15:14:50.048] [warning] Failed to get image buffer, retrying...
[2025-10-08 15:14:50.151] [warning] Failed to get image buffer, retrying...
[2025-10-08 15:14:50.257] [warning] Failed to get image buffer, retrying...
[2025-10-08 15:14:50.358] [warning] Failed to get image buffer, retrying...
[2025-10-08 15:14:51.376] [warning] Failed to get image buffer, retrying...
[2025-10-08 15:14:51.476] [warning] Failed to get image buffer, retrying...
[2025-10-08 15:14:51.577] [warning] Failed to get image buffer, retrying...
[2025-10-08 15:14:51.689] [warning] Failed to get image buffer, retrying...
[2025-10-08 15:14:51.799] [warning] Failed to get image buffer, retrying...
[2025-10-08 15:14:51.900] [warning] Failed to get image buffer, retrying...
[2025-10-08 15:14:52.001] [warning] Failed to get image buffer, retrying...
[2025-10-08 15:14:52.102] [warning] Failed to get image buffer, retrying...
[2025-10-08 15:14:52.203] [warning] Failed to get image buffer, retrying...
[2025-10-08 15:14:53.554] [warning] Failed to get image buffer, retrying...
[2025-10-08 15:14:53.654] [warning] Failed to get image buffer, retrying...
[2025-10-08 15:14:53.755] [warning] Failed to get image buffer, retrying...
[2025-10-08 15:14:53.856] [warning] Failed to get image buffer, retrying...
[2025-10-08 15:14:53.961] [warning] Failed to get image buffer, retrying...
[2025-10-08 15:14:54.070] [warning] Failed to get image buffer, retrying...
[2025-10-08 15:14:54.178] [warning] Failed to get image buffer, retrying...
[2025-10-08 15:14:54.278] [warning] Failed to get image buffer, retrying...
[2025-10-08 15:14:54.381] [warning] Failed to get image buffer, retrying...
[2025-10-08 15:14:55.814] [warning] Failed to get image buffer, retrying...
[2025-10-08 15:14:55.918] [warning] Failed to get image buffer, retrying...
[2025-10-08 15:14:56.031] [warning] Failed to get image buffer, retrying...
[2025-10-08 15:14:56.132] [warning] Failed to get image buffer, retrying...
[2025-10-08 15:14:56.232] [warning] Failed to get image buffer, retrying...
[2025-10-08 15:14:56.343] [warning] Failed to get image buffer, retrying...
[2025-10-08 15:14:56.451] [warning] Failed to get image buffer, retrying...
[2025-10-08 15:14:56.560] [warning] Failed to get image buffer, retrying...
[2025-10-08 15:14:56.661] [warning] Failed to get image buffer, retrying...
[2025-10-08 15:14:56.762] [warning] Failed to get image buffer, retrying...
[2025-10-08 15:14:56.869] [warning] Failed to get image buffer, retrying...
[2025-10-08 15:14:56.976] [warning] Failed to get image buffer, retrying...
[2025-10-08 15:14:57.077] [warning] Failed to get image buffer, retrying...
[2025-10-08 15:14:57.193] [warning] Failed to get image buffer, retrying...
[2025-10-08 15:14:59.281] [warning] Failed to get image buffer, retrying...
[2025-10-08 15:14:59.389] [warning] Failed to get image buffer, retrying...
[2025-10-08 15:14:59.496] [warning] Failed to get image buffer, retrying...
[2025-10-08 15:14:59.604] [warning] Failed to get image buffer, retrying...
[2025-10-08 15:15:03.625] [warning] Failed to get image buffer, retrying...
[2025-10-08 15:15:03.729] [warning] Failed to get image buffer, retrying...
[2025-10-08 15:15:03.838] [warning] Failed to get image buffer, retrying...
[2025-10-08 15:15:03.941] [warning] Failed to get image buffer, retrying...
[2025-10-08 15:15:04.041] [warning] Failed to get image buffer, retrying...
[2025-10-08 15:15:04.151] [warning] Failed to get image buffer, retrying...
[2025-10-08 15:15:04.252] [warning] Failed to get image buffer, retrying...
[2025-10-08 15:15:04.353] [warning] Failed to get image buffer, retrying...
[2025-10-08 15:15:04.463] [warning] Failed to get image buffer, retrying...
[2025-10-08 15:15:04.898] [warning] Failed to get image buffer, retrying...
[2025-10-08 15:15:04.998] [warning] Failed to get image buffer, retrying...
[2025-10-08 15:15:05.100] [warning] Failed to get image buffer, retrying...
[2025-10-08 15:15:05.204] [warning] Failed to get image buffer, retrying...
[2025-10-08 15:15:05.721] [warning] Failed to get image buffer, retrying...
[2025-10-08 15:15:05.822] [warning] Failed to get image buffer, retrying...
[2025-10-08 15:15:05.936] [warning] Failed to get image buffer, retrying...
[2025-10-08 15:15:06.043] [warning] Failed to get image buffer, retrying...
[2025-10-08 15:15:06.143] [warning] Failed to get image buffer, retrying...
[2025-10-08 15:15:06.243] [warning] Failed to get image buffer, retrying...
[2025-10-08 15:15:06.344] [warning] Failed to get image buffer, retrying...
[2025-10-08 15:15:06.445] [warning] Failed to get image buffer, retrying...
[2025-10-08 15:15:06.546] [warning] Failed to get image buffer, retrying...
[2025-10-08 15:15:08.018] [warning] Failed to get image buffer, retrying...
[2025-10-08 15:15:08.119] [warning] Failed to get image buffer, retrying...
[2025-10-08 15:15:08.225] [warning] Failed to get image buffer, retrying...
[2025-10-08 15:15:08.340] [warning] Failed to get image buffer, retrying...
[2025-10-08 15:15:09.407] [warning] Failed to get image buffer, retrying...
[2025-10-08 15:15:09.509] [warning] Failed to get image buffer, retrying...
[2025-10-08 15:15:09.623] [warning] Failed to get image buffer, retrying...
[2025-10-08 15:15:09.723] [warning] Failed to get image buffer, retrying...
[2025-10-08 15:15:11.033] [warning] Failed to get image buffer, retrying...
[2025-10-08 15:15:11.141] [warning] Failed to get image buffer, retrying...
[2025-10-08 15:15:11.249] [warning] Failed to get image buffer, retrying...
[2025-10-08 15:15:11.360] [warning] Failed to get image buffer, retrying...
[2025-10-08 15:15:11.921] [warning] Failed to get image buffer, retrying...
[2025-10-08 15:15:12.021] [warning] Failed to get image buffer, retrying...
[2025-10-08 15:15:12.122] [warning] Failed to get image buffer, retrying...
[2025-10-08 15:15:12.222] [warning] Failed to get image buffer, retrying...
[2025-10-08 15:15:12.652] [warning] Failed to get image buffer, retrying...
[2025-10-08 15:15:12.753] [warning] Failed to get image buffer, retrying...
[2025-10-08 15:15:12.853] [warning] Failed to get image buffer, retrying...
[2025-10-08 15:15:12.955] [warning] Failed to get image buffer, retrying...
[2025-10-08 15:15:13.057] [warning] Failed to get image buffer, retrying...
[2025-10-08 15:15:13.167] [warning] Failed to get image buffer, retrying...
[2025-10-08 15:15:13.275] [warning] Failed to get image buffer, retrying...
[2025-10-08 15:15:13.385] [warning] Failed to get image buffer, retrying...
[2025-10-08 15:15:13.493] [warning] Failed to get image buffer, retrying...
[2025-10-08 15:15:13.973] [warning] Failed to get image buffer, retrying...
[2025-10-08 15:15:14.075] [warning] Failed to get image buffer, retrying...
[2025-10-08 15:15:14.176] [warning] Failed to get image buffer, retrying...
[2025-10-08 15:15:14.277] [warning] Failed to get image buffer, retrying...
[2025-10-08 15:15:14.437] [warning] Frame 814: Invalid point (-95.3, 179.6) (out of image bounds), skip drawing.
[2025-10-08 15:15:14.652] [warning] Failed to get image buffer, retrying...
[2025-10-08 15:15:14.752] [warning] Failed to get image buffer, retrying...
[2025-10-08 15:15:14.853] [warning] Failed to get image buffer, retrying...
[2025-10-08 15:15:14.954] [warning] Failed to get image buffer, retrying...
[2025-10-08 15:15:15.055] [warning] Failed to get image buffer, retrying...
[2025-10-08 15:15:15.162] [warning] Failed to get image buffer, retrying...
[2025-10-08 15:15:15.271] [warning] Failed to get image buffer, retrying...
[2025-10-08 15:15:15.379] [warning] Failed to get image buffer, retrying...
[2025-10-08 15:15:15.480] [warning] Failed to get image buffer, retrying...
[2025-10-08 15:15:16.275] [warning] Failed to get image buffer, retrying...
[2025-10-08 15:15:16.377] [warning] Failed to get image buffer, retrying...
[2025-10-08 15:15:16.477] [warning] Failed to get image buffer, retrying...
[2025-10-08 15:15:16.578] [warning] Failed to get image buffer, retrying...
[2025-10-08 15:15:16.679] [warning] Failed to get image buffer, retrying...
[2025-10-08 15:15:16.780] [warning] Failed to get image buffer, retrying...
[2025-10-08 15:15:16.881] [warning] Failed to get image buffer, retrying...
[2025-10-08 15:15:16.984] [warning] Failed to get image buffer, retrying...
[2025-10-08 15:15:17.085] [warning] Failed to get image buffer, retrying...
[2025-10-08 15:15:17.862] [warning] Failed to get image buffer, retrying...
[2025-10-08 15:15:17.962] [warning] Failed to get image buffer, retrying...
[2025-10-08 15:15:18.063] [warning] Failed to get image buffer, retrying...
[2025-10-08 15:15:18.164] [warning] Failed to get image buffer, retrying...
[2025-10-08 15:15:18.265] [warning] Failed to get image buffer, retrying...
[2025-10-08 15:15:18.365] [warning] Failed to get image buffer, retrying...
[2025-10-08 15:15:18.466] [warning] Failed to get image buffer, retrying...
[2025-10-08 15:15:18.568] [warning] Failed to get image buffer, retrying...
[2025-10-08 15:15:18.668] [warning] Failed to get image buffer, retrying...
[2025-10-08 15:15:20.040] [warning] Failed to get image buffer, retrying...
[2025-10-08 15:15:20.149] [warning] Failed to get image buffer, retrying...
[2025-10-08 15:15:20.256] [warning] Failed to get image buffer, retrying...
[2025-10-08 15:15:20.363] [warning] Failed to get image buffer, retrying...
[2025-10-08 15:15:20.472] [warning] Failed to get image buffer, retrying...
[2025-10-08 15:15:20.573] [warning] Failed to get image buffer, retrying...
[2025-10-08 15:15:20.673] [warning] Failed to get image buffer, retrying...
[2025-10-08 15:15:20.785] [warning] Failed to get image buffer, retrying...
[2025-10-08 15:15:20.887] [warning] Failed to get image buffer, retrying...
[2025-10-08 15:15:22.533] [warning] Failed to get image buffer, retrying...
[2025-10-08 15:15:22.636] [warning] Failed to get image buffer, retrying...
[2025-10-08 15:15:22.753] [warning] Failed to get image buffer, retrying...
[2025-10-08 15:15:22.853] [warning] Failed to get image buffer, retrying...
[2025-10-08 15:15:22.944] [warning] Frame 935: Invalid point (286.3, -80.4) (out of image bounds), skip drawing.
[2025-10-08 15:15:22.978] [warning] Frame 936: Invalid point (1245.9, -27.2) (out of image bounds), skip drawing.
[2025-10-08 15:15:23.032] [warning] Frame 937: Invalid point (1290.9, -14.1) (out of image bounds), skip drawing.
[2025-10-08 15:15:23.743] [warning] Frame 962: Invalid point (1448.0, 125.4) (out of image bounds), skip drawing.
[2025-10-08 15:15:23.775] [warning] Frame 963: Invalid point (1448.8, 126.2) (out of image bounds), skip drawing.
[2025-10-08 15:15:23.807] [warning] Frame 964: Invalid point (1446.2, 139.0) (out of image bounds), skip drawing.
[2025-10-08 15:15:23.839] [warning] Frame 965: Invalid point (1451.2, 130.8) (out of image bounds), skip drawing.
[2025-10-08 15:15:23.874] [warning] Frame 966: Invalid point (1446.5, 93.8) (out of image bounds), skip drawing.
[2025-10-08 15:15:23.920] [warning] Frame 967: Invalid point (1444.9, 95.0) (out of image bounds), skip drawing.
[2025-10-08 15:15:23.960] [warning] Frame 968: Invalid point (1450.3, 104.0) (out of image bounds), skip drawing.
[2025-10-08 15:15:23.996] [warning] Frame 969: Invalid point (1446.3, 105.8) (out of image bounds), skip drawing.
[2025-10-08 15:15:24.049] [warning] Frame 970: Invalid point (1455.3, 124.4) (out of image bounds), skip drawing.
[2025-10-08 15:15:24.082] [warning] Frame 971: Invalid point (1495.6, 149.7) (out of image bounds), skip drawing.
[2025-10-08 15:15:24.116] [warning] Frame 972: Invalid point (1483.2, 144.9) (out of image bounds), skip drawing.
[2025-10-08 15:15:24.150] [warning] Frame 973: Invalid point (508.3, -13.3) (out of image bounds), skip drawing.
[2025-10-08 15:15:24.183] [warning] Frame 974: Invalid point (530.7, -22.3) (out of image bounds), skip drawing.
[2025-10-08 15:15:24.210] [warning] Frame 975: Invalid point (532.9, -25.5) (out of image bounds), skip drawing.
[2025-10-08 15:15:24.243] [warning] Frame 976: Invalid point (542.5, -33.0) (out of image bounds), skip drawing.
[2025-10-08 15:15:24.276] [warning] Frame 977: Invalid point (550.6, -14.2) (out of image bounds), skip drawing.
[2025-10-08 15:15:24.312] [warning] Frame 978: Invalid point (558.4, -12.9) (out of image bounds), skip drawing.
[2025-10-08 15:15:24.338] [warning] Frame 979: Invalid point (1542.4, 141.2) (out of image bounds), skip drawing.
[2025-10-08 15:15:24.369] [warning] Frame 980: Invalid point (1554.2, 136.9) (out of image bounds), skip drawing.
[2025-10-08 15:15:24.397] [warning] Frame 981: Invalid point (1560.2, 148.4) (out of image bounds), skip drawing.
[2025-10-08 15:15:24.427] [warning] Frame 982: Invalid point (1557.0, 143.1) (out of image bounds), skip drawing.
[2025-10-08 15:15:24.465] [warning] Frame 983: Invalid point (1560.4, 145.8) (out of image bounds), skip drawing.
[2025-10-08 15:15:24.497] [warning] Frame 984: Invalid point (1547.0, 155.8) (out of image bounds), skip drawing.
[2025-10-08 15:15:24.534] [warning] Frame 985: Invalid point (1544.3, 164.5) (out of image bounds), skip drawing.
[2025-10-08 15:15:24.570] [warning] Frame 986: Invalid point (1534.8, 190.2) (out of image bounds), skip drawing.
[2025-10-08 15:15:24.601] [warning] Frame 987: Invalid point (1496.9, 197.0) (out of image bounds), skip drawing.
[2025-10-08 15:15:24.631] [warning] Frame 988: Invalid point (1499.6, 206.7) (out of image bounds), skip drawing.
[2025-10-08 15:15:24.661] [warning] Frame 989: Invalid point (1483.7, 206.5) (out of image bounds), skip drawing.
[2025-10-08 15:15:24.691] [warning] Frame 990: Invalid point (1483.2, 210.5) (out of image bounds), skip drawing.
[2025-10-08 15:15:24.720] [warning] Frame 991: Invalid point (1480.3, 217.5) (out of image bounds), skip drawing.
[2025-10-08 15:15:24.751] [warning] Frame 992: Invalid point (1469.5, 225.8) (out of image bounds), skip drawing.
[2025-10-08 15:15:24.784] [warning] Frame 993: Invalid point (1456.0, 229.4) (out of image bounds), skip drawing.
[2025-10-08 15:15:24.814] [warning] Frame 994: Invalid point (1442.0, 224.4) (out of image bounds), skip drawing.
[2025-10-08 15:15:24.846] [warning] Frame 995: Invalid point (1451.3, 223.8) (out of image bounds), skip drawing.
[2025-10-08 15:15:24.906] [warning] Frame 996: Invalid point (1447.8, 212.9) (out of image bounds), skip drawing.
[2025-10-08 15:15:24.940] [warning] Frame 997: Invalid point (1449.8, 204.2) (out of image bounds), skip drawing.
[2025-10-08 15:15:24.971] [warning] Frame 998: Invalid point (1495.9, 235.9) (out of image bounds), skip drawing.
[2025-10-08 15:15:25.002] [warning] Frame 999: Invalid point (1476.8, 213.0) (out of image bounds), skip drawing.
[2025-10-08 15:15:25.251] [warning] Failed to get image buffer, retrying...
[2025-10-08 15:15:25.354] [warning] Failed to get image buffer, retrying...
[2025-10-08 15:15:25.465] [warning] Failed to get image buffer, retrying...
[2025-10-08 15:15:25.573] [warning] Failed to get image buffer, retrying...
[2025-10-08 15:15:25.681] [warning] Failed to get image buffer, retrying...
[2025-10-08 15:15:25.782] [warning] Failed to get image buffer, retrying...
[2025-10-08 15:15:25.883] [warning] Failed to get image buffer, retrying...
[2025-10-08 15:15:25.983] [warning] Failed to get image buffer, retrying...
[2025-10-08 15:15:26.085] [warning] Failed to get image buffer, retrying...
[2025-10-08 15:15:26.179] [warning] Frame 1004: Invalid point (1440.4, 242.2) (out of image bounds), skip drawing.
[2025-10-08 15:15:26.502] [warning] Failed to get image buffer, retrying...
[2025-10-08 15:15:26.606] [warning] Failed to get image buffer, retrying...
[2025-10-08 15:15:26.706] [warning] Failed to get image buffer, retrying...
[2025-10-08 15:15:26.807] [warning] Failed to get image buffer, retrying...
[2025-10-08 15:15:26.921] [warning] Failed to get image buffer, retrying...
[2025-10-08 15:15:27.031] [warning] Failed to get image buffer, retrying...
[2025-10-08 15:15:27.131] [warning] Failed to get image buffer, retrying...
[2025-10-08 15:15:27.232] [warning] Failed to get image buffer, retrying...
[2025-10-08 15:15:27.339] [warning] Failed to get image buffer, retrying...
[2025-10-08 15:15:28.285] [warning] Failed to get image buffer, retrying...
[2025-10-08 15:15:28.385] [warning] Failed to get image buffer, retrying...
[2025-10-08 15:15:28.486] [warning] Failed to get image buffer, retrying...
[2025-10-08 15:15:28.587] [warning] Failed to get image buffer, retrying...
[2025-10-08 15:15:29.273] [warning] Failed to get image buffer, retrying...
[2025-10-08 15:15:29.375] [warning] Failed to get image buffer, retrying...
[2025-10-08 15:15:29.475] [warning] Failed to get image buffer, retrying...
[2025-10-08 15:15:29.582] [warning] Failed to get image buffer, retrying...
[2025-10-08 15:15:29.691] [warning] Failed to get image buffer, retrying...
[2025-10-08 15:15:29.793] [warning] Failed to get image buffer, retrying...
[2025-10-08 15:15:29.894] [warning] Failed to get image buffer, retrying...
[2025-10-08 15:15:29.994] [warning] Failed to get image buffer, retrying...
[2025-10-08 15:15:30.110] [warning] Failed to get image buffer, retrying...
[2025-10-08 15:15:30.378] [warning] Failed to get image buffer, retrying...
[2025-10-08 15:15:30.479] [warning] Failed to get image buffer, retrying...
[2025-10-08 15:15:30.579] [warning] Failed to get image buffer, retrying...
[2025-10-08 15:15:30.681] [warning] Failed to get image buffer, retrying...
[2025-10-08 15:15:30.782] [warning] Failed to get image buffer, retrying...
[2025-10-08 15:15:30.884] [warning] Failed to get image buffer, retrying...
[2025-10-08 15:15:30.984] [warning] Failed to get image buffer, retrying...
[2025-10-08 15:15:31.085] [warning] Failed to get image buffer, retrying...
[2025-10-08 15:15:31.187] [warning] Failed to get image buffer, retrying...
[2025-10-08 15:15:31.559] [warning] Failed to get image buffer, retrying...
[2025-10-08 15:15:31.660] [warning] Failed to get image buffer, retrying...
[2025-10-08 15:15:31.771] [warning] Failed to get image buffer, retrying...
[2025-10-08 15:15:31.872] [warning] Failed to get image buffer, retrying...
[2025-10-08 15:15:31.974] [warning] Failed to get image buffer, retrying...
[2025-10-08 15:15:32.075] [warning] Failed to get image buffer, retrying...
[2025-10-08 15:15:32.175] [warning] Failed to get image buffer, retrying...
[2025-10-08 15:15:32.283] [warning] Failed to get image buffer, retrying...
[2025-10-08 15:15:32.384] [warning] Failed to get image buffer, retrying...
[2025-10-08 15:15:32.610] [warning] Frame 1066: Invalid point (-12.3, 387.7) (out of image bounds), skip drawing.
[2025-10-08 15:15:32.644] [warning] Frame 1067: Invalid point (-3.3, 388.8) (out of image bounds), skip drawing.
[2025-10-08 15:15:34.794] [warning] Failed to get image buffer, retrying...
[2025-10-08 15:15:34.895] [warning] Failed to get image buffer, retrying...
[2025-10-08 15:15:34.995] [warning] Failed to get image buffer, retrying...
[2025-10-08 15:15:35.106] [warning] Failed to get image buffer, retrying...
[2025-10-08 15:15:37.027] [warning] Failed to get image buffer, retrying...
[2025-10-08 15:15:37.129] [warning] Failed to get image buffer, retrying...
[2025-10-08 15:15:37.229] [warning] Failed to get image buffer, retrying...
[2025-10-08 15:15:37.330] [warning] Failed to get image buffer, retrying...
[2025-10-08 15:15:37.431] [warning] Failed to get image buffer, retrying...
[2025-10-08 15:15:37.540] [warning] Failed to get image buffer, retrying...
[2025-10-08 15:15:37.641] [warning] Failed to get image buffer, retrying...
[2025-10-08 15:15:37.741] [warning] Failed to get image buffer, retrying...
[2025-10-08 15:15:37.845] [warning] Failed to get image buffer, retrying...
[2025-10-08 15:15:39.036] [warning] Failed to get image buffer, retrying...
[2025-10-08 15:15:39.144] [warning] Failed to get image buffer, retrying...
[2025-10-08 15:15:39.244] [warning] Failed to get image buffer, retrying...
[2025-10-08 15:15:39.345] [warning] Failed to get image buffer, retrying...
[2025-10-08 15:15:41.603] [warning] Failed to get image buffer, retrying...
[2025-10-08 15:15:41.704] [warning] Failed to get image buffer, retrying...
[2025-10-08 15:15:41.805] [warning] Failed to get image buffer, retrying...
[2025-10-08 15:15:41.906] [warning] Failed to get image buffer, retrying...
[2025-10-08 15:15:42.006] [warning] Failed to get image buffer, retrying...
[2025-10-08 15:15:42.107] [warning] Failed to get image buffer, retrying...
[2025-10-08 15:15:42.222] [warning] Failed to get image buffer, retrying...
[2025-10-08 15:15:42.331] [warning] Failed to get image buffer, retrying...
[2025-10-08 15:15:42.432] [warning] Failed to get image buffer, retrying...
[2025-10-08 15:15:44.811] [warning] Failed to get image buffer, retrying...
[2025-10-08 15:15:44.911] [warning] Failed to get image buffer, retrying...
[2025-10-08 15:15:45.012] [warning] Failed to get image buffer, retrying...
[2025-10-08 15:15:45.120] [warning] Failed to get image buffer, retrying...
[2025-10-08 15:15:45.828] [warning] Failed to get image buffer, retrying...
[2025-10-08 15:15:45.929] [warning] Failed to get image buffer, retrying...
[2025-10-08 15:15:46.030] [warning] Failed to get image buffer, retrying...
[2025-10-08 15:15:46.139] [warning] Failed to get image buffer, retrying...
[2025-10-08 15:15:47.064] [warning] Frame 1401: Invalid point (-31.5, 474.7) (out of image bounds), skip drawing.
[2025-10-08 15:15:47.102] [warning] Frame 1402: Invalid point (-57.0, 487.5) (out of image bounds), skip drawing.
[2025-10-08 15:15:47.131] [warning] Frame 1403: Invalid point (-77.8, 486.4) (out of image bounds), skip drawing.
[2025-10-08 15:15:47.444] [warning] Frame 1414: Invalid point (-156.6, 440.8) (out of image bounds), skip drawing.
[2025-10-08 15:15:47.480] [warning] Frame 1415: Invalid point (-70.5, 458.1) (out of image bounds), skip drawing.
[2025-10-08 15:15:47.510] [warning] Frame 1416: Invalid point (-18.6, 437.9) (out of image bounds), skip drawing.
[2025-10-08 15:15:51.096] [warning] Failed to get image buffer, retrying...
[2025-10-08 15:15:51.196] [warning] Failed to get image buffer, retrying...
[2025-10-08 15:15:51.297] [warning] Failed to get image buffer, retrying...
[2025-10-08 15:15:51.397] [warning] Failed to get image buffer, retrying...
[2025-10-08 15:15:51.971] [warning] Failed to get image buffer, retrying...
[2025-10-08 15:15:52.072] [warning] Failed to get image buffer, retrying...
[2025-10-08 15:15:52.174] [warning] Failed to get image buffer, retrying...
[2025-10-08 15:15:52.282] [warning] Failed to get image buffer, retrying...
[2025-10-08 15:15:52.557] [warning] Failed to get image buffer, retrying...
[2025-10-08 15:15:52.658] [warning] Failed to get image buffer, retrying...
[2025-10-08 15:15:52.762] [warning] Failed to get image buffer, retrying...
[2025-10-08 15:15:52.863] [warning] Failed to get image buffer, retrying...
[2025-10-08 15:15:52.967] [warning] Failed to get image buffer, retrying...
[2025-10-08 15:15:53.068] [warning] Failed to get image buffer, retrying...
[2025-10-08 15:15:53.169] [warning] Failed to get image buffer, retrying...
[2025-10-08 15:15:53.270] [warning] Failed to get image buffer, retrying...
[2025-10-08 15:15:53.371] [warning] Failed to get image buffer, retrying...
[2025-10-08 15:15:53.822] [warning] Failed to get image buffer, retrying...
[2025-10-08 15:15:53.923] [warning] Failed to get image buffer, retrying...
[2025-10-08 15:15:54.024] [warning] Failed to get image buffer, retrying...
[2025-10-08 15:15:54.125] [warning] Failed to get image buffer, retrying...
[2025-10-08 15:15:54.226] [warning] Failed to get image buffer, retrying...
[2025-10-08 15:15:54.330] [warning] Failed to get image buffer, retrying...
[2025-10-08 15:15:54.431] [warning] Failed to get image buffer, retrying...
[2025-10-08 15:15:54.531] [warning] Failed to get image buffer, retrying...
[2025-10-08 15:15:54.641] [warning] Failed to get image buffer, retrying...
[2025-10-08 15:15:56.863] [warning] Failed to get image buffer, retrying...
[2025-10-08 15:15:56.963] [warning] Failed to get image buffer, retrying...
[2025-10-08 15:15:57.065] [warning] Failed to get image buffer, retrying...
[2025-10-08 15:15:57.166] [warning] Failed to get image buffer, retrying...
[2025-10-08 15:15:57.267] [warning] Failed to get image buffer, retrying...
[2025-10-08 15:15:57.367] [warning] Failed to get image buffer, retrying...
[2025-10-08 15:15:57.469] [warning] Failed to get image buffer, retrying...
[2025-10-08 15:15:57.570] [warning] Failed to get image buffer, retrying...
[2025-10-08 15:15:57.672] [warning] Failed to get image buffer, retrying...
[2025-10-08 15:15:57.794] [info] Exit command received.
[2025-10-08 15:15:57.815] [info] Main process exited successfully.
